{"/home/rani/Desktop/Red_bus_app/backend/app.js": {"path":"/home/rani/Desktop/Red_bus_app/backend/app.js","statementMap":{"0":{"start":{"line":1,"column":16},"end":{"line":1,"column":34}},"1":{"start":{"line":2,"column":17},"end":{"line":2,"column":36}},"2":{"start":{"line":4,"column":15},"end":{"line":4,"column":41}},"3":{"start":{"line":5,"column":29},"end":{"line":5,"column":40}},"4":{"start":{"line":6,"column":12},"end":{"line":6,"column":21}},"5":{"start":{"line":8,"column":0},"end":{"line":13,"column":1}},"6":{"start":{"line":9,"column":4},"end":{"line":12,"column":7}}},"fnMap":{},"branchMap":{"0":{"loc":{"start":{"line":8,"column":0},"end":{"line":13,"column":1}},"type":"if","locations":[{"start":{"line":8,"column":0},"end":{"line":13,"column":1}},{"start":{"line":8,"column":0},"end":{"line":13,"column":1}}],"line":8}},"s":{"0":1,"1":1,"2":1,"3":1,"4":1,"5":1,"6":0},"f":{},"b":{"0":[0,1]},"_coverageSchema":"1a1c01bbd47fc00a2c39e90264f33305004495a9","hash":"9278b179eba48aec569a102049f84938d08d67d2"}
,"/home/rani/Desktop/Red_bus_app/backend/server.js": {"path":"/home/rani/Desktop/Red_bus_app/backend/server.js","statementMap":{"0":{"start":{"line":1,"column":16},"end":{"line":1,"column":34}},"1":{"start":{"line":2,"column":19},"end":{"line":2,"column":41}},"2":{"start":{"line":3,"column":18},"end":{"line":3,"column":43}},"3":{"start":{"line":4,"column":19},"end":{"line":4,"column":42}},"4":{"start":{"line":5,"column":11},"end":{"line":5,"column":26}},"5":{"start":{"line":6,"column":12},"end":{"line":6,"column":21}},"6":{"start":{"line":7,"column":0},"end":{"line":7,"column":15}},"7":{"start":{"line":8,"column":0},"end":{"line":8,"column":27}},"8":{"start":{"line":9,"column":0},"end":{"line":9,"column":52}},"9":{"start":{"line":11,"column":19},"end":{"line":11,"column":48}},"10":{"start":{"line":12,"column":19},"end":{"line":12,"column":47}},"11":{"start":{"line":13,"column":20},"end":{"line":13,"column":49}},"12":{"start":{"line":14,"column":24},"end":{"line":14,"column":57}},"13":{"start":{"line":15,"column":18},"end":{"line":15,"column":45}},"14":{"start":{"line":16,"column":21},"end":{"line":16,"column":52}},"15":{"start":{"line":18,"column":0},"end":{"line":18,"column":34}},"16":{"start":{"line":19,"column":0},"end":{"line":19,"column":33}},"17":{"start":{"line":20,"column":0},"end":{"line":20,"column":36}},"18":{"start":{"line":21,"column":0},"end":{"line":21,"column":43}},"19":{"start":{"line":22,"column":0},"end":{"line":22,"column":33}},"20":{"start":{"line":23,"column":0},"end":{"line":23,"column":35}},"21":{"start":{"line":25,"column":0},"end":{"line":25,"column":22}},"22":{"start":{"line":26,"column":0},"end":{"line":29,"column":2}},"23":{"start":{"line":27,"column":4},"end":{"line":27,"column":20}},"24":{"start":{"line":28,"column":4},"end":{"line":28,"column":43}},"25":{"start":{"line":31,"column":0},"end":{"line":31,"column":20}}},"fnMap":{"0":{"name":"(anonymous_0)","decl":{"start":{"line":26,"column":8},"end":{"line":26,"column":9}},"loc":{"start":{"line":26,"column":33},"end":{"line":29,"column":1}},"line":26}},"branchMap":{},"s":{"0":3,"1":3,"2":3,"3":3,"4":3,"5":3,"6":3,"7":3,"8":3,"9":3,"10":3,"11":3,"12":3,"13":3,"14":3,"15":3,"16":3,"17":3,"18":3,"19":3,"20":3,"21":3,"22":3,"23":0,"24":0,"25":3},"f":{"0":0},"b":{},"_coverageSchema":"1a1c01bbd47fc00a2c39e90264f33305004495a9","hash":"b6a7a358c085644af65bf7678efdab2152a27ac7"}
,"/home/rani/Desktop/Red_bus_app/backend/Serches/BookTickets.js": {"path":"/home/rani/Desktop/Red_bus_app/backend/Serches/BookTickets.js","statementMap":{"0":{"start":{"line":1,"column":16},"end":{"line":1,"column":44}},"1":{"start":{"line":3,"column":23},"end":{"line":9,"column":1}},"2":{"start":{"line":4,"column":18},"end":{"line":4,"column":47}},"3":{"start":{"line":5,"column":4},"end":{"line":5,"column":55}},"4":{"start":{"line":5,"column":38},"end":{"line":5,"column":53}},"5":{"start":{"line":6,"column":22},"end":{"line":6,"column":50}},"6":{"start":{"line":7,"column":4},"end":{"line":7,"column":37}},"7":{"start":{"line":8,"column":4},"end":{"line":8,"column":22}},"8":{"start":{"line":11,"column":0},"end":{"line":11,"column":35}}},"fnMap":{"0":{"name":"(anonymous_0)","decl":{"start":{"line":3,"column":23},"end":{"line":3,"column":24}},"loc":{"start":{"line":3,"column":40},"end":{"line":9,"column":1}},"line":3},"1":{"name":"(anonymous_1)","decl":{"start":{"line":5,"column":26},"end":{"line":5,"column":27}},"loc":{"start":{"line":5,"column":38},"end":{"line":5,"column":53}},"line":5}},"branchMap":{},"s":{"0":3,"1":3,"2":0,"3":0,"4":0,"5":0,"6":0,"7":0,"8":3},"f":{"0":0,"1":0},"b":{},"_coverageSchema":"1a1c01bbd47fc00a2c39e90264f33305004495a9","hash":"4d3aa388024624590008b4c3bafe6feed5cc4ee4"}
,"/home/rani/Desktop/Red_bus_app/backend/Serches/searchLocation.js": {"path":"/home/rani/Desktop/Red_bus_app/backend/Serches/searchLocation.js","statementMap":{"0":{"start":{"line":1,"column":17},"end":{"line":1,"column":46}},"1":{"start":{"line":3,"column":23},"end":{"line":11,"column":1}},"2":{"start":{"line":4,"column":17},"end":{"line":4,"column":33}},"3":{"start":{"line":5,"column":18},"end":{"line":5,"column":35}},"4":{"start":{"line":6,"column":20},"end":{"line":6,"column":73}},"5":{"start":{"line":7,"column":4},"end":{"line":7,"column":36}},"6":{"start":{"line":8,"column":4},"end":{"line":10,"column":5}},"7":{"start":{"line":9,"column":8},"end":{"line":9,"column":24}},"8":{"start":{"line":22,"column":0},"end":{"line":22,"column":35}}},"fnMap":{"0":{"name":"(anonymous_0)","decl":{"start":{"line":3,"column":23},"end":{"line":3,"column":24}},"loc":{"start":{"line":3,"column":41},"end":{"line":11,"column":1}},"line":3}},"branchMap":{"0":{"loc":{"start":{"line":8,"column":4},"end":{"line":10,"column":5}},"type":"if","locations":[{"start":{"line":8,"column":4},"end":{"line":10,"column":5}},{"start":{"line":8,"column":4},"end":{"line":10,"column":5}}],"line":8}},"s":{"0":3,"1":3,"2":0,"3":0,"4":0,"5":0,"6":0,"7":0,"8":3},"f":{"0":0},"b":{"0":[0,0]},"_coverageSchema":"1a1c01bbd47fc00a2c39e90264f33305004495a9","hash":"2296cff79f5e33922670bbd34426898e6a0ea4e1"}
,"/home/rani/Desktop/Red_bus_app/backend/config/db.js": {"path":"/home/rani/Desktop/Red_bus_app/backend/config/db.js","statementMap":{"0":{"start":{"line":1,"column":17},"end":{"line":1,"column":36}},"1":{"start":{"line":2,"column":15},"end":{"line":2,"column":32}},"2":{"start":{"line":3,"column":11},"end":{"line":3,"column":33}},"3":{"start":{"line":6,"column":4},"end":{"line":65,"column":9}},"4":{"start":{"line":7,"column":38},"end":{"line":7,"column":70}},"5":{"start":{"line":8,"column":28},"end":{"line":8,"column":51}},"6":{"start":{"line":10,"column":21},"end":{"line":16,"column":9}},"7":{"start":{"line":19,"column":24},"end":{"line":29,"column":9}},"8":{"start":{"line":21,"column":12},"end":{"line":21,"column":40}},"9":{"start":{"line":23,"column":29},"end":{"line":23,"column":55}},"10":{"start":{"line":24,"column":12},"end":{"line":28,"column":15}},"11":{"start":{"line":25,"column":16},"end":{"line":27,"column":17}},"12":{"start":{"line":26,"column":20},"end":{"line":26,"column":39}},"13":{"start":{"line":32,"column":22},"end":{"line":35,"column":9}},"14":{"start":{"line":33,"column":12},"end":{"line":33,"column":40}},"15":{"start":{"line":34,"column":12},"end":{"line":34,"column":37}},"16":{"start":{"line":38,"column":22},"end":{"line":43,"column":9}},"17":{"start":{"line":39,"column":32},"end":{"line":39,"column":63}},"18":{"start":{"line":40,"column":12},"end":{"line":42,"column":13}},"19":{"start":{"line":41,"column":16},"end":{"line":41,"column":52}},"20":{"start":{"line":44,"column":8},"end":{"line":48,"column":10}},"21":{"start":{"line":52,"column":12},"end":{"line":64,"column":13}},"22":{"start":{"line":53,"column":16},"end":{"line":60,"column":52}},"23":{"start":{"line":62,"column":16},"end":{"line":62,"column":43}},"24":{"start":{"line":63,"column":16},"end":{"line":63,"column":32}}},"fnMap":{"0":{"name":"(anonymous_0)","decl":{"start":{"line":19,"column":24},"end":{"line":19,"column":25}},"loc":{"start":{"line":19,"column":36},"end":{"line":29,"column":9}},"line":19},"1":{"name":"(anonymous_1)","decl":{"start":{"line":24,"column":51},"end":{"line":24,"column":52}},"loc":{"start":{"line":24,"column":58},"end":{"line":28,"column":13}},"line":24},"2":{"name":"(anonymous_2)","decl":{"start":{"line":32,"column":22},"end":{"line":32,"column":23}},"loc":{"start":{"line":32,"column":34},"end":{"line":35,"column":9}},"line":32},"3":{"name":"(anonymous_3)","decl":{"start":{"line":38,"column":22},"end":{"line":38,"column":23}},"loc":{"start":{"line":38,"column":34},"end":{"line":43,"column":9}},"line":38}},"branchMap":{"0":{"loc":{"start":{"line":6,"column":4},"end":{"line":65,"column":9}},"type":"if","locations":[{"start":{"line":6,"column":4},"end":{"line":65,"column":9}},{"start":{"line":6,"column":4},"end":{"line":65,"column":9}}],"line":6},"1":{"loc":{"start":{"line":25,"column":16},"end":{"line":27,"column":17}},"type":"if","locations":[{"start":{"line":25,"column":16},"end":{"line":27,"column":17}},{"start":{"line":25,"column":16},"end":{"line":27,"column":17}}],"line":25}},"s":{"0":3,"1":3,"2":3,"3":3,"4":3,"5":3,"6":3,"7":3,"8":5,"9":5,"10":5,"11":5,"12":0,"13":3,"14":5,"15":5,"16":3,"17":1,"18":1,"19":6,"20":3,"21":0,"22":0,"23":0,"24":0},"f":{"0":5,"1":5,"2":5,"3":1},"b":{"0":[3,0],"1":[0,5]},"_coverageSchema":"1a1c01bbd47fc00a2c39e90264f33305004495a9","hash":"57c9665fae19592ee5dfc8b629dc5c071cb448f3"}
,"/home/rani/Desktop/Red_bus_app/backend/controllers/Adminauth.js": {"path":"/home/rani/Desktop/Red_bus_app/backend/controllers/Adminauth.js","statementMap":{"0":{"start":{"line":1,"column":29},"end":{"line":1,"column":57}},"1":{"start":{"line":2,"column":13},"end":{"line":2,"column":39}},"2":{"start":{"line":3,"column":15},"end":{"line":3,"column":32}},"3":{"start":{"line":4,"column":12},"end":{"line":4,"column":35}},"4":{"start":{"line":5,"column":15},"end":{"line":5,"column":32}},"5":{"start":{"line":11,"column":20},"end":{"line":19,"column":1}},"6":{"start":{"line":12,"column":19},"end":{"line":12,"column":40}},"7":{"start":{"line":13,"column":4},"end":{"line":18,"column":5}},"8":{"start":{"line":14,"column":8},"end":{"line":14,"column":21}},"9":{"start":{"line":17,"column":8},"end":{"line":17,"column":20}},"10":{"start":{"line":20,"column":26},"end":{"line":26,"column":1}},"11":{"start":{"line":25,"column":4},"end":{"line":25,"column":52}},"12":{"start":{"line":28,"column":19},"end":{"line":60,"column":1}},"13":{"start":{"line":29,"column":18},"end":{"line":29,"column":34}},"14":{"start":{"line":30,"column":4},"end":{"line":35,"column":5}},"15":{"start":{"line":31,"column":8},"end":{"line":34,"column":10}},"16":{"start":{"line":37,"column":31},"end":{"line":37,"column":39}},"17":{"start":{"line":38,"column":4},"end":{"line":59,"column":5}},"18":{"start":{"line":39,"column":20},"end":{"line":39,"column":49}},"19":{"start":{"line":40,"column":8},"end":{"line":42,"column":9}},"20":{"start":{"line":41,"column":12},"end":{"line":41,"column":91}},"21":{"start":{"line":43,"column":24},"end":{"line":43,"column":70}},"22":{"start":{"line":44,"column":8},"end":{"line":44,"column":96}},"23":{"start":{"line":44,"column":24},"end":{"line":44,"column":94}},"24":{"start":{"line":45,"column":24},"end":{"line":45,"column":37}},"25":{"start":{"line":46,"column":24},"end":{"line":51,"column":9}},"26":{"start":{"line":53,"column":23},"end":{"line":53,"column":49}},"27":{"start":{"line":54,"column":8},"end":{"line":54,"column":27}},"28":{"start":{"line":55,"column":8},"end":{"line":55,"column":47}},"29":{"start":{"line":58,"column":8},"end":{"line":58,"column":59}},"30":{"start":{"line":62,"column":0},"end":{"line":62,"column":29}}},"fnMap":{"0":{"name":"(anonymous_0)","decl":{"start":{"line":11,"column":20},"end":{"line":11,"column":21}},"loc":{"start":{"line":11,"column":29},"end":{"line":19,"column":1}},"line":11},"1":{"name":"(anonymous_1)","decl":{"start":{"line":20,"column":26},"end":{"line":20,"column":27}},"loc":{"start":{"line":24,"column":2},"end":{"line":26,"column":1}},"line":24},"2":{"name":"(anonymous_2)","decl":{"start":{"line":28,"column":19},"end":{"line":28,"column":20}},"loc":{"start":{"line":28,"column":45},"end":{"line":60,"column":1}},"line":28}},"branchMap":{"0":{"loc":{"start":{"line":13,"column":4},"end":{"line":18,"column":5}},"type":"if","locations":[{"start":{"line":13,"column":4},"end":{"line":18,"column":5}},{"start":{"line":13,"column":4},"end":{"line":18,"column":5}}],"line":13},"1":{"loc":{"start":{"line":22,"column":4},"end":{"line":22,"column":36}},"type":"default-arg","locations":[{"start":{"line":22,"column":13},"end":{"line":22,"column":36}}],"line":22},"2":{"loc":{"start":{"line":23,"column":4},"end":{"line":23,"column":24}},"type":"default-arg","locations":[{"start":{"line":23,"column":16},"end":{"line":23,"column":24}}],"line":23},"3":{"loc":{"start":{"line":30,"column":4},"end":{"line":35,"column":5}},"type":"if","locations":[{"start":{"line":30,"column":4},"end":{"line":35,"column":5}},{"start":{"line":30,"column":4},"end":{"line":35,"column":5}}],"line":30},"4":{"loc":{"start":{"line":40,"column":8},"end":{"line":42,"column":9}},"type":"if","locations":[{"start":{"line":40,"column":8},"end":{"line":42,"column":9}},{"start":{"line":40,"column":8},"end":{"line":42,"column":9}}],"line":40},"5":{"loc":{"start":{"line":44,"column":8},"end":{"line":44,"column":96}},"type":"if","locations":[{"start":{"line":44,"column":8},"end":{"line":44,"column":96}},{"start":{"line":44,"column":8},"end":{"line":44,"column":96}}],"line":44}},"s":{"0":3,"1":3,"2":3,"3":3,"4":3,"5":3,"6":2,"7":2,"8":0,"9":2,"10":3,"11":2,"12":3,"13":2,"14":2,"15":0,"16":2,"17":2,"18":2,"19":2,"20":0,"21":2,"22":2,"23":0,"24":2,"25":2,"26":2,"27":2,"28":2,"29":0,"30":3},"f":{"0":2,"1":2,"2":2},"b":{"0":[0,2],"1":[2],"2":[2],"3":[0,2],"4":[0,2],"5":[0,2]},"_coverageSchema":"1a1c01bbd47fc00a2c39e90264f33305004495a9","hash":"8f7ecc418755426b19751d9eed5feb361528a143"}
,"/home/rani/Desktop/Red_bus_app/backend/controllers/Agency.js": {"path":"/home/rani/Desktop/Red_bus_app/backend/controllers/Agency.js","statementMap":{"0":{"start":{"line":1,"column":15},"end":{"line":1,"column":42}},"1":{"start":{"line":2,"column":29},"end":{"line":2,"column":57}},"2":{"start":{"line":4,"column":18},"end":{"line":19,"column":1}},"3":{"start":{"line":5,"column":2},"end":{"line":18,"column":3}},"4":{"start":{"line":6,"column":18},"end":{"line":6,"column":29}},"5":{"start":{"line":7,"column":19},"end":{"line":7,"column":68}},"6":{"start":{"line":9,"column":4},"end":{"line":9,"column":23}},"7":{"start":{"line":10,"column":4},"end":{"line":12,"column":5}},"8":{"start":{"line":11,"column":6},"end":{"line":11,"column":80}},"9":{"start":{"line":14,"column":4},"end":{"line":14,"column":33}},"10":{"start":{"line":16,"column":4},"end":{"line":16,"column":20}},"11":{"start":{"line":17,"column":4},"end":{"line":17,"column":50}},"12":{"start":{"line":22,"column":21},"end":{"line":56,"column":1}},"13":{"start":{"line":23,"column":2},"end":{"line":23,"column":41}},"14":{"start":{"line":24,"column":17},"end":{"line":24,"column":38}},"15":{"start":{"line":25,"column":2},"end":{"line":27,"column":3}},"16":{"start":{"line":26,"column":4},"end":{"line":26,"column":60}},"17":{"start":{"line":28,"column":52},"end":{"line":28,"column":60}},"18":{"start":{"line":31,"column":23},"end":{"line":31,"column":64}},"19":{"start":{"line":34,"column":2},"end":{"line":55,"column":3}},"20":{"start":{"line":35,"column":24},"end":{"line":35,"column":67}},"21":{"start":{"line":36,"column":4},"end":{"line":36,"column":30}},"22":{"start":{"line":37,"column":4},"end":{"line":45,"column":5}},"23":{"start":{"line":39,"column":6},"end":{"line":43,"column":8}},"24":{"start":{"line":44,"column":6},"end":{"line":44,"column":49}},"25":{"start":{"line":48,"column":4},"end":{"line":48,"column":45}},"26":{"start":{"line":49,"column":4},"end":{"line":49,"column":30}},"27":{"start":{"line":50,"column":4},"end":{"line":50,"column":31}},"28":{"start":{"line":51,"column":4},"end":{"line":51,"column":40}},"29":{"start":{"line":54,"column":4},"end":{"line":54,"column":50}},"30":{"start":{"line":58,"column":0},"end":{"line":58,"column":43}}},"fnMap":{"0":{"name":"(anonymous_0)","decl":{"start":{"line":4,"column":18},"end":{"line":4,"column":19}},"loc":{"start":{"line":4,"column":44},"end":{"line":19,"column":1}},"line":4},"1":{"name":"(anonymous_1)","decl":{"start":{"line":22,"column":21},"end":{"line":22,"column":22}},"loc":{"start":{"line":22,"column":41},"end":{"line":56,"column":1}},"line":22}},"branchMap":{"0":{"loc":{"start":{"line":10,"column":4},"end":{"line":12,"column":5}},"type":"if","locations":[{"start":{"line":10,"column":4},"end":{"line":12,"column":5}},{"start":{"line":10,"column":4},"end":{"line":12,"column":5}}],"line":10},"1":{"loc":{"start":{"line":25,"column":2},"end":{"line":27,"column":3}},"type":"if","locations":[{"start":{"line":25,"column":2},"end":{"line":27,"column":3}},{"start":{"line":25,"column":2},"end":{"line":27,"column":3}}],"line":25},"2":{"loc":{"start":{"line":37,"column":4},"end":{"line":45,"column":5}},"type":"if","locations":[{"start":{"line":37,"column":4},"end":{"line":45,"column":5}},{"start":{"line":37,"column":4},"end":{"line":45,"column":5}}],"line":37}},"s":{"0":3,"1":3,"2":3,"3":0,"4":0,"5":0,"6":0,"7":0,"8":0,"9":0,"10":0,"11":0,"12":3,"13":1,"14":0,"15":0,"16":0,"17":0,"18":0,"19":0,"20":0,"21":0,"22":0,"23":0,"24":0,"25":0,"26":0,"27":0,"28":0,"29":0,"30":3},"f":{"0":0,"1":1},"b":{"0":[0,0],"1":[0,0],"2":[0,0]},"_coverageSchema":"1a1c01bbd47fc00a2c39e90264f33305004495a9","hash":"d8d0b505a218c1ef5aaffa95c66408b6924b1b28"}
,"/home/rani/Desktop/Red_bus_app/backend/controllers/Status.js": {"path":"/home/rani/Desktop/Red_bus_app/backend/controllers/Status.js","statementMap":{"0":{"start":{"line":1,"column":12},"end":{"line":1,"column":42}},"1":{"start":{"line":2,"column":26},"end":{"line":2,"column":59}},"2":{"start":{"line":4,"column":22},"end":{"line":29,"column":1}},"3":{"start":{"line":5,"column":4},"end":{"line":28,"column":5}},"4":{"start":{"line":6,"column":20},"end":{"line":6,"column":56}},"5":{"start":{"line":7,"column":8},"end":{"line":9,"column":9}},"6":{"start":{"line":8,"column":12},"end":{"line":8,"column":73}},"7":{"start":{"line":10,"column":22},"end":{"line":10,"column":31}},"8":{"start":{"line":11,"column":26},"end":{"line":11,"column":63}},"9":{"start":{"line":12,"column":8},"end":{"line":12,"column":32}},"10":{"start":{"line":14,"column":28},"end":{"line":14,"column":30}},"11":{"start":{"line":15,"column":8},"end":{"line":23,"column":9}},"12":{"start":{"line":15,"column":25},"end":{"line":15,"column":26}},"13":{"start":{"line":16,"column":12},"end":{"line":22,"column":13}},"14":{"start":{"line":16,"column":31},"end":{"line":16,"column":32}},"15":{"start":{"line":17,"column":16},"end":{"line":21,"column":17}},"16":{"start":{"line":18,"column":20},"end":{"line":18,"column":73}},"17":{"start":{"line":20,"column":20},"end":{"line":20,"column":72}},"18":{"start":{"line":24,"column":8},"end":{"line":24,"column":51}},"19":{"start":{"line":26,"column":8},"end":{"line":26,"column":24}},"20":{"start":{"line":27,"column":8},"end":{"line":27,"column":45}},"21":{"start":{"line":31,"column":0},"end":{"line":31,"column":35}}},"fnMap":{"0":{"name":"(anonymous_0)","decl":{"start":{"line":4,"column":22},"end":{"line":4,"column":23}},"loc":{"start":{"line":4,"column":42},"end":{"line":29,"column":1}},"line":4}},"branchMap":{"0":{"loc":{"start":{"line":7,"column":8},"end":{"line":9,"column":9}},"type":"if","locations":[{"start":{"line":7,"column":8},"end":{"line":9,"column":9}},{"start":{"line":7,"column":8},"end":{"line":9,"column":9}}],"line":7},"1":{"loc":{"start":{"line":17,"column":16},"end":{"line":21,"column":17}},"type":"if","locations":[{"start":{"line":17,"column":16},"end":{"line":21,"column":17}},{"start":{"line":17,"column":16},"end":{"line":21,"column":17}}],"line":17}},"s":{"0":3,"1":3,"2":3,"3":0,"4":0,"5":0,"6":0,"7":0,"8":0,"9":0,"10":0,"11":0,"12":0,"13":0,"14":0,"15":0,"16":0,"17":0,"18":0,"19":0,"20":0,"21":3},"f":{"0":0},"b":{"0":[0,0],"1":[0,0]},"_coverageSchema":"1a1c01bbd47fc00a2c39e90264f33305004495a9","hash":"b76446ddd425fa797adb47184df3b1c95f07bb7d"}
,"/home/rani/Desktop/Red_bus_app/backend/controllers/admin.js": {"path":"/home/rani/Desktop/Red_bus_app/backend/controllers/admin.js","statementMap":{"0":{"start":{"line":1,"column":36},"end":{"line":1,"column":64}},"1":{"start":{"line":2,"column":13},"end":{"line":2,"column":39}},"2":{"start":{"line":3,"column":15},"end":{"line":3,"column":32}},"3":{"start":{"line":9,"column":20},"end":{"line":17,"column":1}},"4":{"start":{"line":10,"column":19},"end":{"line":10,"column":40}},"5":{"start":{"line":11,"column":4},"end":{"line":16,"column":5}},"6":{"start":{"line":12,"column":8},"end":{"line":12,"column":21}},"7":{"start":{"line":15,"column":8},"end":{"line":15,"column":20}},"8":{"start":{"line":19,"column":20},"end":{"line":44,"column":1}},"9":{"start":{"line":20,"column":18},"end":{"line":20,"column":34}},"10":{"start":{"line":21,"column":4},"end":{"line":23,"column":5}},"11":{"start":{"line":22,"column":8},"end":{"line":22,"column":63}},"12":{"start":{"line":25,"column":47},"end":{"line":25,"column":55}},"13":{"start":{"line":26,"column":4},"end":{"line":43,"column":5}},"14":{"start":{"line":27,"column":20},"end":{"line":27,"column":49}},"15":{"start":{"line":28,"column":8},"end":{"line":33,"column":9}},"16":{"start":{"line":29,"column":12},"end":{"line":32,"column":14}},"17":{"start":{"line":35,"column":8},"end":{"line":35,"column":34}},"18":{"start":{"line":36,"column":21},"end":{"line":36,"column":45}},"19":{"start":{"line":37,"column":8},"end":{"line":37,"column":59}},"20":{"start":{"line":38,"column":8},"end":{"line":38,"column":27}},"21":{"start":{"line":39,"column":8},"end":{"line":39,"column":55}},"22":{"start":{"line":42,"column":8},"end":{"line":42,"column":60}},"23":{"start":{"line":46,"column":0},"end":{"line":46,"column":30}}},"fnMap":{"0":{"name":"(anonymous_0)","decl":{"start":{"line":9,"column":20},"end":{"line":9,"column":21}},"loc":{"start":{"line":9,"column":27},"end":{"line":17,"column":1}},"line":9},"1":{"name":"(anonymous_1)","decl":{"start":{"line":19,"column":20},"end":{"line":19,"column":21}},"loc":{"start":{"line":19,"column":46},"end":{"line":44,"column":1}},"line":19}},"branchMap":{"0":{"loc":{"start":{"line":11,"column":4},"end":{"line":16,"column":5}},"type":"if","locations":[{"start":{"line":11,"column":4},"end":{"line":16,"column":5}},{"start":{"line":11,"column":4},"end":{"line":16,"column":5}}],"line":11},"1":{"loc":{"start":{"line":21,"column":4},"end":{"line":23,"column":5}},"type":"if","locations":[{"start":{"line":21,"column":4},"end":{"line":23,"column":5}},{"start":{"line":21,"column":4},"end":{"line":23,"column":5}}],"line":21},"2":{"loc":{"start":{"line":28,"column":8},"end":{"line":33,"column":9}},"type":"if","locations":[{"start":{"line":28,"column":8},"end":{"line":33,"column":9}},{"start":{"line":28,"column":8},"end":{"line":33,"column":9}}],"line":28}},"s":{"0":3,"1":3,"2":3,"3":3,"4":3,"5":3,"6":0,"7":3,"8":3,"9":3,"10":3,"11":0,"12":3,"13":3,"14":3,"15":3,"16":0,"17":3,"18":3,"19":3,"20":3,"21":3,"22":0,"23":3},"f":{"0":3,"1":3},"b":{"0":[0,3],"1":[0,3],"2":[0,3]},"_coverageSchema":"1a1c01bbd47fc00a2c39e90264f33305004495a9","hash":"fced52f6722c280445b20d2c66dd26536922f958"}
,"/home/rani/Desktop/Red_bus_app/backend/controllers/auth.js": {"path":"/home/rani/Desktop/Red_bus_app/backend/controllers/auth.js","statementMap":{"0":{"start":{"line":1,"column":28},"end":{"line":1,"column":56}},"1":{"start":{"line":2,"column":13},"end":{"line":2,"column":39}},"2":{"start":{"line":3,"column":15},"end":{"line":3,"column":32}},"3":{"start":{"line":4,"column":12},"end":{"line":4,"column":35}},"4":{"start":{"line":5,"column":15},"end":{"line":5,"column":32}},"5":{"start":{"line":10,"column":20},"end":{"line":18,"column":1}},"6":{"start":{"line":11,"column":19},"end":{"line":11,"column":40}},"7":{"start":{"line":12,"column":4},"end":{"line":17,"column":5}},"8":{"start":{"line":13,"column":8},"end":{"line":13,"column":21}},"9":{"start":{"line":16,"column":8},"end":{"line":16,"column":20}},"10":{"start":{"line":20,"column":26},"end":{"line":26,"column":1}},"11":{"start":{"line":25,"column":4},"end":{"line":25,"column":52}},"12":{"start":{"line":28,"column":0},"end":{"line":53,"column":1}},"13":{"start":{"line":30,"column":18},"end":{"line":30,"column":34}},"14":{"start":{"line":31,"column":4},"end":{"line":34,"column":5}},"15":{"start":{"line":32,"column":8},"end":{"line":32,"column":19}},"16":{"start":{"line":33,"column":8},"end":{"line":33,"column":65}},"17":{"start":{"line":36,"column":32},"end":{"line":36,"column":40}},"18":{"start":{"line":37,"column":4},"end":{"line":52,"column":5}},"19":{"start":{"line":38,"column":19},"end":{"line":38,"column":48}},"20":{"start":{"line":39,"column":8},"end":{"line":41,"column":9}},"21":{"start":{"line":40,"column":12},"end":{"line":40,"column":91}},"22":{"start":{"line":42,"column":24},"end":{"line":42,"column":69}},"23":{"start":{"line":43,"column":8},"end":{"line":43,"column":96}},"24":{"start":{"line":43,"column":24},"end":{"line":43,"column":94}},"25":{"start":{"line":45,"column":24},"end":{"line":45,"column":50}},"26":{"start":{"line":47,"column":23},"end":{"line":47,"column":49}},"27":{"start":{"line":48,"column":8},"end":{"line":48,"column":45}},"28":{"start":{"line":51,"column":8},"end":{"line":51,"column":51}}},"fnMap":{"0":{"name":"(anonymous_0)","decl":{"start":{"line":10,"column":20},"end":{"line":10,"column":21}},"loc":{"start":{"line":10,"column":29},"end":{"line":18,"column":1}},"line":10},"1":{"name":"(anonymous_1)","decl":{"start":{"line":20,"column":26},"end":{"line":20,"column":27}},"loc":{"start":{"line":24,"column":2},"end":{"line":26,"column":1}},"line":24},"2":{"name":"(anonymous_2)","decl":{"start":{"line":28,"column":20},"end":{"line":28,"column":21}},"loc":{"start":{"line":28,"column":44},"end":{"line":53,"column":1}},"line":28}},"branchMap":{"0":{"loc":{"start":{"line":12,"column":4},"end":{"line":17,"column":5}},"type":"if","locations":[{"start":{"line":12,"column":4},"end":{"line":17,"column":5}},{"start":{"line":12,"column":4},"end":{"line":17,"column":5}}],"line":12},"1":{"loc":{"start":{"line":22,"column":4},"end":{"line":22,"column":36}},"type":"default-arg","locations":[{"start":{"line":22,"column":13},"end":{"line":22,"column":36}}],"line":22},"2":{"loc":{"start":{"line":23,"column":4},"end":{"line":23,"column":21}},"type":"default-arg","locations":[{"start":{"line":23,"column":16},"end":{"line":23,"column":21}}],"line":23},"3":{"loc":{"start":{"line":31,"column":4},"end":{"line":34,"column":5}},"type":"if","locations":[{"start":{"line":31,"column":4},"end":{"line":34,"column":5}},{"start":{"line":31,"column":4},"end":{"line":34,"column":5}}],"line":31},"4":{"loc":{"start":{"line":39,"column":8},"end":{"line":41,"column":9}},"type":"if","locations":[{"start":{"line":39,"column":8},"end":{"line":41,"column":9}},{"start":{"line":39,"column":8},"end":{"line":41,"column":9}}],"line":39},"5":{"loc":{"start":{"line":43,"column":8},"end":{"line":43,"column":96}},"type":"if","locations":[{"start":{"line":43,"column":8},"end":{"line":43,"column":96}},{"start":{"line":43,"column":8},"end":{"line":43,"column":96}}],"line":43}},"s":{"0":3,"1":3,"2":3,"3":3,"4":3,"5":3,"6":2,"7":2,"8":0,"9":2,"10":3,"11":2,"12":3,"13":2,"14":2,"15":0,"16":0,"17":2,"18":2,"19":2,"20":2,"21":0,"22":2,"23":2,"24":0,"25":2,"26":2,"27":2,"28":0},"f":{"0":2,"1":2,"2":2},"b":{"0":[0,2],"1":[2],"2":[2],"3":[0,2],"4":[0,2],"5":[0,2]},"_coverageSchema":"1a1c01bbd47fc00a2c39e90264f33305004495a9","hash":"317682900e053429a656ed0501a3b19af19cf3f2"}
,"/home/rani/Desktop/Red_bus_app/backend/controllers/bus.js": {"path":"/home/rani/Desktop/Red_bus_app/backend/controllers/bus.js","statementMap":{"0":{"start":{"line":1,"column":29},"end":{"line":1,"column":57}},"1":{"start":{"line":2,"column":12},"end":{"line":2,"column":42}},"2":{"start":{"line":3,"column":15},"end":{"line":3,"column":42}},"3":{"start":{"line":4,"column":14},"end":{"line":4,"column":40}},"4":{"start":{"line":5,"column":17},"end":{"line":5,"column":46}},"5":{"start":{"line":6,"column":13},"end":{"line":6,"column":39}},"6":{"start":{"line":7,"column":13},"end":{"line":7,"column":42}},"7":{"start":{"line":8,"column":35},"end":{"line":8,"column":71}},"8":{"start":{"line":9,"column":26},"end":{"line":9,"column":59}},"9":{"start":{"line":10,"column":24},"end":{"line":10,"column":44}},"10":{"start":{"line":11,"column":15},"end":{"line":11,"column":43}},"11":{"start":{"line":13,"column":20},"end":{"line":21,"column":1}},"12":{"start":{"line":14,"column":19},"end":{"line":14,"column":40}},"13":{"start":{"line":15,"column":4},"end":{"line":20,"column":5}},"14":{"start":{"line":16,"column":8},"end":{"line":16,"column":21}},"15":{"start":{"line":19,"column":8},"end":{"line":19,"column":20}},"16":{"start":{"line":23,"column":0},"end":{"line":99,"column":1}},"17":{"start":{"line":24,"column":4},"end":{"line":24,"column":26}},"18":{"start":{"line":25,"column":18},"end":{"line":25,"column":34}},"19":{"start":{"line":26,"column":4},"end":{"line":26,"column":22}},"20":{"start":{"line":27,"column":4},"end":{"line":98,"column":5}},"21":{"start":{"line":28,"column":8},"end":{"line":33,"column":9}},"22":{"start":{"line":29,"column":12},"end":{"line":32,"column":14}},"23":{"start":{"line":39,"column":12},"end":{"line":39,"column":20}},"24":{"start":{"line":41,"column":23},"end":{"line":41,"column":25}},"25":{"start":{"line":42,"column":8},"end":{"line":42,"column":36}},"26":{"start":{"line":43,"column":8},"end":{"line":49,"column":9}},"27":{"start":{"line":43,"column":21},"end":{"line":43,"column":22}},"28":{"start":{"line":44,"column":12},"end":{"line":44,"column":21}},"29":{"start":{"line":45,"column":12},"end":{"line":47,"column":13}},"30":{"start":{"line":45,"column":25},"end":{"line":45,"column":26}},"31":{"start":{"line":46,"column":16},"end":{"line":46,"column":38}},"32":{"start":{"line":48,"column":12},"end":{"line":48,"column":31}},"33":{"start":{"line":50,"column":27},"end":{"line":63,"column":9}},"34":{"start":{"line":66,"column":27},"end":{"line":66,"column":53}},"35":{"start":{"line":67,"column":8},"end":{"line":67,"column":48}},"36":{"start":{"line":68,"column":8},"end":{"line":68,"column":93}},"37":{"start":{"line":68,"column":29},"end":{"line":68,"column":91}},"38":{"start":{"line":69,"column":8},"end":{"line":69,"column":43}},"39":{"start":{"line":71,"column":25},"end":{"line":71,"column":49}},"40":{"start":{"line":72,"column":8},"end":{"line":72,"column":44}},"41":{"start":{"line":73,"column":8},"end":{"line":73,"column":91}},"42":{"start":{"line":73,"column":27},"end":{"line":73,"column":89}},"43":{"start":{"line":74,"column":8},"end":{"line":74,"column":39}},"44":{"start":{"line":77,"column":28},"end":{"line":77,"column":72}},"45":{"start":{"line":78,"column":8},"end":{"line":78,"column":92}},"46":{"start":{"line":78,"column":30},"end":{"line":78,"column":90}},"47":{"start":{"line":79,"column":8},"end":{"line":79,"column":45}},"48":{"start":{"line":82,"column":22},"end":{"line":82,"column":62}},"49":{"start":{"line":83,"column":8},"end":{"line":83,"column":26}},"50":{"start":{"line":84,"column":8},"end":{"line":86,"column":9}},"51":{"start":{"line":85,"column":12},"end":{"line":85,"column":67}},"52":{"start":{"line":87,"column":8},"end":{"line":87,"column":38}},"53":{"start":{"line":88,"column":20},"end":{"line":88,"column":39}},"54":{"start":{"line":89,"column":23},"end":{"line":89,"column":39}},"55":{"start":{"line":90,"column":8},"end":{"line":93,"column":9}},"56":{"start":{"line":91,"column":26},"end":{"line":91,"column":32}},"57":{"start":{"line":92,"column":12},"end":{"line":92,"column":55}},"58":{"start":{"line":96,"column":8},"end":{"line":96,"column":24}},"59":{"start":{"line":97,"column":8},"end":{"line":97,"column":64}},"60":{"start":{"line":101,"column":0},"end":{"line":112,"column":2}},"61":{"start":{"line":102,"column":4},"end":{"line":111,"column":5}},"62":{"start":{"line":103,"column":20},"end":{"line":103,"column":56}},"63":{"start":{"line":105,"column":8},"end":{"line":107,"column":9}},"64":{"start":{"line":106,"column":12},"end":{"line":106,"column":66}},"65":{"start":{"line":108,"column":8},"end":{"line":108,"column":41}},"66":{"start":{"line":110,"column":8},"end":{"line":110,"column":54}},"67":{"start":{"line":114,"column":0},"end":{"line":130,"column":1}},"68":{"start":{"line":115,"column":4},"end":{"line":129,"column":5}},"69":{"start":{"line":116,"column":22},"end":{"line":116,"column":38}},"70":{"start":{"line":117,"column":20},"end":{"line":117,"column":42}},"71":{"start":{"line":118,"column":8},"end":{"line":120,"column":9}},"72":{"start":{"line":119,"column":12},"end":{"line":119,"column":64}},"73":{"start":{"line":122,"column":26},"end":{"line":122,"column":63}},"74":{"start":{"line":123,"column":8},"end":{"line":123,"column":30}},"75":{"start":{"line":124,"column":8},"end":{"line":126,"column":9}},"76":{"start":{"line":125,"column":12},"end":{"line":125,"column":70}},"77":{"start":{"line":128,"column":8},"end":{"line":128,"column":60}},"78":{"start":{"line":133,"column":0},"end":{"line":155,"column":1}},"79":{"start":{"line":134,"column":4},"end":{"line":154,"column":5}},"80":{"start":{"line":135,"column":22},"end":{"line":135,"column":38}},"81":{"start":{"line":136,"column":8},"end":{"line":136,"column":26}},"82":{"start":{"line":137,"column":20},"end":{"line":137,"column":53}},"83":{"start":{"line":138,"column":8},"end":{"line":138,"column":28}},"84":{"start":{"line":139,"column":8},"end":{"line":139,"column":30}},"85":{"start":{"line":140,"column":8},"end":{"line":142,"column":9}},"86":{"start":{"line":141,"column":12},"end":{"line":141,"column":66}},"87":{"start":{"line":144,"column":28},"end":{"line":144,"column":54}},"88":{"start":{"line":150,"column":8},"end":{"line":150,"column":32}},"89":{"start":{"line":152,"column":8},"end":{"line":152,"column":24}},"90":{"start":{"line":153,"column":8},"end":{"line":153,"column":59}}},"fnMap":{"0":{"name":"(anonymous_0)","decl":{"start":{"line":13,"column":20},"end":{"line":13,"column":21}},"loc":{"start":{"line":13,"column":29},"end":{"line":21,"column":1}},"line":13},"1":{"name":"(anonymous_1)","decl":{"start":{"line":23,"column":20},"end":{"line":23,"column":21}},"loc":{"start":{"line":23,"column":44},"end":{"line":99,"column":1}},"line":23},"2":{"name":"(anonymous_2)","decl":{"start":{"line":101,"column":17},"end":{"line":101,"column":18}},"loc":{"start":{"line":101,"column":37},"end":{"line":112,"column":1}},"line":101},"3":{"name":"(anonymous_3)","decl":{"start":{"line":114,"column":20},"end":{"line":114,"column":21}},"loc":{"start":{"line":114,"column":40},"end":{"line":130,"column":1}},"line":114},"4":{"name":"(anonymous_4)","decl":{"start":{"line":133,"column":19},"end":{"line":133,"column":20}},"loc":{"start":{"line":133,"column":39},"end":{"line":155,"column":1}},"line":133}},"branchMap":{"0":{"loc":{"start":{"line":15,"column":4},"end":{"line":20,"column":5}},"type":"if","locations":[{"start":{"line":15,"column":4},"end":{"line":20,"column":5}},{"start":{"line":15,"column":4},"end":{"line":20,"column":5}}],"line":15},"1":{"loc":{"start":{"line":28,"column":8},"end":{"line":33,"column":9}},"type":"if","locations":[{"start":{"line":28,"column":8},"end":{"line":33,"column":9}},{"start":{"line":28,"column":8},"end":{"line":33,"column":9}}],"line":28},"2":{"loc":{"start":{"line":68,"column":8},"end":{"line":68,"column":93}},"type":"if","locations":[{"start":{"line":68,"column":8},"end":{"line":68,"column":93}},{"start":{"line":68,"column":8},"end":{"line":68,"column":93}}],"line":68},"3":{"loc":{"start":{"line":73,"column":8},"end":{"line":73,"column":91}},"type":"if","locations":[{"start":{"line":73,"column":8},"end":{"line":73,"column":91}},{"start":{"line":73,"column":8},"end":{"line":73,"column":91}}],"line":73},"4":{"loc":{"start":{"line":78,"column":8},"end":{"line":78,"column":92}},"type":"if","locations":[{"start":{"line":78,"column":8},"end":{"line":78,"column":92}},{"start":{"line":78,"column":8},"end":{"line":78,"column":92}}],"line":78},"5":{"loc":{"start":{"line":84,"column":8},"end":{"line":86,"column":9}},"type":"if","locations":[{"start":{"line":84,"column":8},"end":{"line":86,"column":9}},{"start":{"line":84,"column":8},"end":{"line":86,"column":9}}],"line":84},"6":{"loc":{"start":{"line":90,"column":8},"end":{"line":93,"column":9}},"type":"if","locations":[{"start":{"line":90,"column":8},"end":{"line":93,"column":9}},{"start":{"line":90,"column":8},"end":{"line":93,"column":9}}],"line":90},"7":{"loc":{"start":{"line":105,"column":8},"end":{"line":107,"column":9}},"type":"if","locations":[{"start":{"line":105,"column":8},"end":{"line":107,"column":9}},{"start":{"line":105,"column":8},"end":{"line":107,"column":9}}],"line":105},"8":{"loc":{"start":{"line":118,"column":8},"end":{"line":120,"column":9}},"type":"if","locations":[{"start":{"line":118,"column":8},"end":{"line":120,"column":9}},{"start":{"line":118,"column":8},"end":{"line":120,"column":9}}],"line":118},"9":{"loc":{"start":{"line":124,"column":8},"end":{"line":126,"column":9}},"type":"if","locations":[{"start":{"line":124,"column":8},"end":{"line":126,"column":9}},{"start":{"line":124,"column":8},"end":{"line":126,"column":9}}],"line":124},"10":{"loc":{"start":{"line":140,"column":8},"end":{"line":142,"column":9}},"type":"if","locations":[{"start":{"line":140,"column":8},"end":{"line":142,"column":9}},{"start":{"line":140,"column":8},"end":{"line":142,"column":9}}],"line":140}},"s":{"0":3,"1":3,"2":3,"3":3,"4":3,"5":3,"6":3,"7":3,"8":3,"9":3,"10":3,"11":3,"12":0,"13":0,"14":0,"15":0,"16":3,"17":0,"18":0,"19":0,"20":0,"21":0,"22":0,"23":0,"24":0,"25":0,"26":0,"27":0,"28":0,"29":0,"30":0,"31":0,"32":0,"33":0,"34":0,"35":0,"36":0,"37":0,"38":0,"39":0,"40":0,"41":0,"42":0,"43":0,"44":0,"45":0,"46":0,"47":0,"48":0,"49":0,"50":0,"51":0,"52":0,"53":0,"54":0,"55":0,"56":0,"57":0,"58":0,"59":0,"60":3,"61":0,"62":0,"63":0,"64":0,"65":0,"66":0,"67":3,"68":0,"69":0,"70":0,"71":0,"72":0,"73":0,"74":0,"75":0,"76":0,"77":0,"78":3,"79":0,"80":0,"81":0,"82":0,"83":0,"84":0,"85":0,"86":0,"87":0,"88":0,"89":0,"90":0},"f":{"0":0,"1":0,"2":0,"3":0,"4":0},"b":{"0":[0,0],"1":[0,0],"2":[0,0],"3":[0,0],"4":[0,0],"5":[0,0],"6":[0,0],"7":[0,0],"8":[0,0],"9":[0,0],"10":[0,0]},"_coverageSchema":"1a1c01bbd47fc00a2c39e90264f33305004495a9","hash":"286264ea32cc2aa53e2c569a8a9c3a5e42d334ed"}
,"/home/rani/Desktop/Red_bus_app/backend/controllers/location.js": {"path":"/home/rani/Desktop/Red_bus_app/backend/controllers/location.js","statementMap":{"0":{"start":{"line":1,"column":29},"end":{"line":1,"column":57}},"1":{"start":{"line":2,"column":17},"end":{"line":2,"column":46}},"2":{"start":{"line":5,"column":0},"end":{"line":32,"column":2}},"3":{"start":{"line":6,"column":19},"end":{"line":6,"column":40}},"4":{"start":{"line":7,"column":4},"end":{"line":9,"column":5}},"5":{"start":{"line":8,"column":8},"end":{"line":8,"column":64}},"6":{"start":{"line":10,"column":28},"end":{"line":10,"column":36}},"7":{"start":{"line":11,"column":4},"end":{"line":31,"column":5}},"8":{"start":{"line":12,"column":24},"end":{"line":12,"column":53}},"9":{"start":{"line":13,"column":8},"end":{"line":21,"column":9}},"10":{"start":{"line":14,"column":31},"end":{"line":20,"column":14}},"11":{"start":{"line":15,"column":16},"end":{"line":19,"column":17}},"12":{"start":{"line":16,"column":20},"end":{"line":18,"column":80}},"13":{"start":{"line":22,"column":25},"end":{"line":25,"column":10}},"14":{"start":{"line":26,"column":8},"end":{"line":26,"column":30}},"15":{"start":{"line":27,"column":8},"end":{"line":27,"column":69}},"16":{"start":{"line":29,"column":8},"end":{"line":29,"column":27}},"17":{"start":{"line":30,"column":8},"end":{"line":30,"column":45}}},"fnMap":{"0":{"name":"(anonymous_0)","decl":{"start":{"line":5,"column":19},"end":{"line":5,"column":20}},"loc":{"start":{"line":5,"column":39},"end":{"line":32,"column":1}},"line":5},"1":{"name":"(anonymous_1)","decl":{"start":{"line":14,"column":49},"end":{"line":14,"column":50}},"loc":{"start":{"line":14,"column":63},"end":{"line":20,"column":13}},"line":14}},"branchMap":{"0":{"loc":{"start":{"line":7,"column":4},"end":{"line":9,"column":5}},"type":"if","locations":[{"start":{"line":7,"column":4},"end":{"line":9,"column":5}},{"start":{"line":7,"column":4},"end":{"line":9,"column":5}}],"line":7},"1":{"loc":{"start":{"line":13,"column":8},"end":{"line":21,"column":9}},"type":"if","locations":[{"start":{"line":13,"column":8},"end":{"line":21,"column":9}},{"start":{"line":13,"column":8},"end":{"line":21,"column":9}}],"line":13},"2":{"loc":{"start":{"line":15,"column":16},"end":{"line":19,"column":17}},"type":"if","locations":[{"start":{"line":15,"column":16},"end":{"line":19,"column":17}},{"start":{"line":15,"column":16},"end":{"line":19,"column":17}}],"line":15}},"s":{"0":3,"1":3,"2":3,"3":2,"4":2,"5":0,"6":2,"7":2,"8":2,"9":2,"10":2,"11":1,"12":1,"13":2,"14":2,"15":2,"16":0,"17":0},"f":{"0":2,"1":1},"b":{"0":[0,2],"1":[2,0],"2":[1,0]},"_coverageSchema":"1a1c01bbd47fc00a2c39e90264f33305004495a9","hash":"b617e0331b8dc73f96966975f6fcb1ee5e584ca9"}
,"/home/rani/Desktop/Red_bus_app/backend/controllers/resetPassword.js": {"path":"/home/rani/Desktop/Red_bus_app/backend/controllers/resetPassword.js","statementMap":{"0":{"start":{"line":1,"column":29},"end":{"line":1,"column":57}},"1":{"start":{"line":2,"column":19},"end":{"line":2,"column":40}},"2":{"start":{"line":3,"column":13},"end":{"line":3,"column":39}},"3":{"start":{"line":4,"column":15},"end":{"line":4,"column":32}},"4":{"start":{"line":5,"column":15},"end":{"line":5,"column":32}},"5":{"start":{"line":6,"column":15},"end":{"line":6,"column":39}},"6":{"start":{"line":7,"column":25},"end":{"line":7,"column":65}},"7":{"start":{"line":12,"column":20},"end":{"line":18,"column":1}},"8":{"start":{"line":20,"column":20},"end":{"line":28,"column":1}},"9":{"start":{"line":21,"column":19},"end":{"line":21,"column":40}},"10":{"start":{"line":22,"column":4},"end":{"line":27,"column":5}},"11":{"start":{"line":23,"column":8},"end":{"line":23,"column":21}},"12":{"start":{"line":26,"column":8},"end":{"line":26,"column":20}},"13":{"start":{"line":31,"column":0},"end":{"line":70,"column":1}},"14":{"start":{"line":32,"column":19},"end":{"line":32,"column":40}},"15":{"start":{"line":33,"column":4},"end":{"line":35,"column":5}},"16":{"start":{"line":34,"column":8},"end":{"line":34,"column":56}},"17":{"start":{"line":36,"column":4},"end":{"line":69,"column":5}},"18":{"start":{"line":37,"column":8},"end":{"line":65,"column":11}},"19":{"start":{"line":38,"column":12},"end":{"line":40,"column":13}},"20":{"start":{"line":39,"column":16},"end":{"line":39,"column":33}},"21":{"start":{"line":41,"column":26},"end":{"line":41,"column":48}},"22":{"start":{"line":42,"column":12},"end":{"line":42,"column":32}},"23":{"start":{"line":43,"column":25},"end":{"line":43,"column":70}},"24":{"start":{"line":44,"column":12},"end":{"line":44,"column":30}},"25":{"start":{"line":45,"column":12},"end":{"line":49,"column":13}},"26":{"start":{"line":46,"column":16},"end":{"line":48,"column":72}},"27":{"start":{"line":50,"column":12},"end":{"line":50,"column":36}},"28":{"start":{"line":51,"column":12},"end":{"line":51,"column":51}},"29":{"start":{"line":52,"column":27},"end":{"line":52,"column":44}},"30":{"start":{"line":53,"column":12},"end":{"line":64,"column":13}},"31":{"start":{"line":54,"column":16},"end":{"line":62,"column":19}},"32":{"start":{"line":63,"column":16},"end":{"line":63,"column":84}},"33":{"start":{"line":67,"column":8},"end":{"line":67,"column":25}},"34":{"start":{"line":68,"column":8},"end":{"line":68,"column":45}},"35":{"start":{"line":77,"column":0},"end":{"line":104,"column":1}},"36":{"start":{"line":78,"column":19},"end":{"line":78,"column":40}},"37":{"start":{"line":79,"column":4},"end":{"line":81,"column":5}},"38":{"start":{"line":80,"column":8},"end":{"line":80,"column":56}},"39":{"start":{"line":82,"column":4},"end":{"line":103,"column":5}},"40":{"start":{"line":83,"column":28},"end":{"line":83,"column":45}},"41":{"start":{"line":84,"column":27},"end":{"line":84,"column":41}},"42":{"start":{"line":85,"column":21},"end":{"line":85,"column":55}},"43":{"start":{"line":86,"column":8},"end":{"line":88,"column":9}},"44":{"start":{"line":87,"column":12},"end":{"line":87,"column":79}},"45":{"start":{"line":89,"column":21},"end":{"line":89,"column":39}},"46":{"start":{"line":90,"column":8},"end":{"line":90,"column":54}},"47":{"start":{"line":91,"column":8},"end":{"line":91,"column":35}},"48":{"start":{"line":92,"column":8},"end":{"line":92,"column":36}},"49":{"start":{"line":95,"column":26},"end":{"line":95,"column":37}},"50":{"start":{"line":96,"column":8},"end":{"line":96,"column":150}},"51":{"start":{"line":97,"column":8},"end":{"line":99,"column":9}},"52":{"start":{"line":98,"column":12},"end":{"line":98,"column":68}},"53":{"start":{"line":101,"column":8},"end":{"line":101,"column":24}},"54":{"start":{"line":102,"column":8},"end":{"line":102,"column":51}}},"fnMap":{"0":{"name":"(anonymous_0)","decl":{"start":{"line":20,"column":20},"end":{"line":20,"column":21}},"loc":{"start":{"line":20,"column":29},"end":{"line":28,"column":1}},"line":20},"1":{"name":"(anonymous_1)","decl":{"start":{"line":31,"column":24},"end":{"line":31,"column":25}},"loc":{"start":{"line":31,"column":50},"end":{"line":70,"column":1}},"line":31},"2":{"name":"(anonymous_2)","decl":{"start":{"line":37,"column":31},"end":{"line":37,"column":32}},"loc":{"start":{"line":37,"column":54},"end":{"line":65,"column":9}},"line":37},"3":{"name":"(anonymous_3)","decl":{"start":{"line":77,"column":22},"end":{"line":77,"column":23}},"loc":{"start":{"line":77,"column":48},"end":{"line":104,"column":1}},"line":77}},"branchMap":{"0":{"loc":{"start":{"line":22,"column":4},"end":{"line":27,"column":5}},"type":"if","locations":[{"start":{"line":22,"column":4},"end":{"line":27,"column":5}},{"start":{"line":22,"column":4},"end":{"line":27,"column":5}}],"line":22},"1":{"loc":{"start":{"line":33,"column":4},"end":{"line":35,"column":5}},"type":"if","locations":[{"start":{"line":33,"column":4},"end":{"line":35,"column":5}},{"start":{"line":33,"column":4},"end":{"line":35,"column":5}}],"line":33},"2":{"loc":{"start":{"line":38,"column":12},"end":{"line":40,"column":13}},"type":"if","locations":[{"start":{"line":38,"column":12},"end":{"line":40,"column":13}},{"start":{"line":38,"column":12},"end":{"line":40,"column":13}}],"line":38},"3":{"loc":{"start":{"line":45,"column":12},"end":{"line":49,"column":13}},"type":"if","locations":[{"start":{"line":45,"column":12},"end":{"line":49,"column":13}},{"start":{"line":45,"column":12},"end":{"line":49,"column":13}}],"line":45},"4":{"loc":{"start":{"line":53,"column":12},"end":{"line":64,"column":13}},"type":"if","locations":[{"start":{"line":53,"column":12},"end":{"line":64,"column":13}},{"start":{"line":53,"column":12},"end":{"line":64,"column":13}}],"line":53},"5":{"loc":{"start":{"line":79,"column":4},"end":{"line":81,"column":5}},"type":"if","locations":[{"start":{"line":79,"column":4},"end":{"line":81,"column":5}},{"start":{"line":79,"column":4},"end":{"line":81,"column":5}}],"line":79},"6":{"loc":{"start":{"line":86,"column":8},"end":{"line":88,"column":9}},"type":"if","locations":[{"start":{"line":86,"column":8},"end":{"line":88,"column":9}},{"start":{"line":86,"column":8},"end":{"line":88,"column":9}}],"line":86},"7":{"loc":{"start":{"line":97,"column":8},"end":{"line":99,"column":9}},"type":"if","locations":[{"start":{"line":97,"column":8},"end":{"line":99,"column":9}},{"start":{"line":97,"column":8},"end":{"line":99,"column":9}}],"line":97}},"s":{"0":3,"1":3,"2":3,"3":3,"4":3,"5":3,"6":3,"7":3,"8":3,"9":0,"10":0,"11":0,"12":0,"13":3,"14":1,"15":1,"16":0,"17":1,"18":1,"19":0,"20":0,"21":0,"22":0,"23":0,"24":0,"25":0,"26":0,"27":0,"28":0,"29":0,"30":0,"31":0,"32":0,"33":0,"34":0,"35":3,"36":0,"37":0,"38":0,"39":0,"40":0,"41":0,"42":0,"43":0,"44":0,"45":0,"46":0,"47":0,"48":0,"49":0,"50":0,"51":0,"52":0,"53":0,"54":0},"f":{"0":0,"1":1,"2":0,"3":0},"b":{"0":[0,0],"1":[0,1],"2":[0,0],"3":[0,0],"4":[0,0],"5":[0,0],"6":[0,0],"7":[0,0]},"_coverageSchema":"1a1c01bbd47fc00a2c39e90264f33305004495a9","hash":"80c57613cffb2a5ea521c4c2139a68393516c08e"}
,"/home/rani/Desktop/Red_bus_app/backend/controllers/staff.js": {"path":"/home/rani/Desktop/Red_bus_app/backend/controllers/staff.js","statementMap":{"0":{"start":{"line":1,"column":36},"end":{"line":1,"column":64}},"1":{"start":{"line":2,"column":15},"end":{"line":2,"column":42}},"2":{"start":{"line":3,"column":15},"end":{"line":3,"column":41}},"3":{"start":{"line":5,"column":0},"end":{"line":63,"column":1}},"4":{"start":{"line":6,"column":4},"end":{"line":6,"column":25}},"5":{"start":{"line":7,"column":19},"end":{"line":7,"column":40}},"6":{"start":{"line":8,"column":4},"end":{"line":13,"column":5}},"7":{"start":{"line":9,"column":8},"end":{"line":12,"column":11}},"8":{"start":{"line":21,"column":8},"end":{"line":21,"column":16}},"9":{"start":{"line":24,"column":21},"end":{"line":29,"column":5}},"10":{"start":{"line":32,"column":4},"end":{"line":32,"column":35}},"11":{"start":{"line":33,"column":4},"end":{"line":62,"column":5}},"12":{"start":{"line":35,"column":8},"end":{"line":35,"column":32}},"13":{"start":{"line":36,"column":25},"end":{"line":36,"column":69}},"14":{"start":{"line":37,"column":8},"end":{"line":37,"column":67}},"15":{"start":{"line":40,"column":8},"end":{"line":55,"column":9}},"16":{"start":{"line":41,"column":24},"end":{"line":41,"column":54}},"17":{"start":{"line":42,"column":12},"end":{"line":44,"column":13}},"18":{"start":{"line":43,"column":16},"end":{"line":43,"column":68}},"19":{"start":{"line":47,"column":12},"end":{"line":47,"column":40}},"20":{"start":{"line":48,"column":12},"end":{"line":48,"column":30}},"21":{"start":{"line":49,"column":12},"end":{"line":49,"column":30}},"22":{"start":{"line":50,"column":12},"end":{"line":50,"column":47}},"23":{"start":{"line":53,"column":12},"end":{"line":53,"column":36}},"24":{"start":{"line":54,"column":12},"end":{"line":54,"column":69}},"25":{"start":{"line":57,"column":8},"end":{"line":57,"column":24}},"26":{"start":{"line":58,"column":8},"end":{"line":61,"column":11}}},"fnMap":{"0":{"name":"(anonymous_0)","decl":{"start":{"line":5,"column":19},"end":{"line":5,"column":20}},"loc":{"start":{"line":5,"column":45},"end":{"line":63,"column":1}},"line":5}},"branchMap":{"0":{"loc":{"start":{"line":8,"column":4},"end":{"line":13,"column":5}},"type":"if","locations":[{"start":{"line":8,"column":4},"end":{"line":13,"column":5}},{"start":{"line":8,"column":4},"end":{"line":13,"column":5}}],"line":8},"1":{"loc":{"start":{"line":40,"column":8},"end":{"line":55,"column":9}},"type":"if","locations":[{"start":{"line":40,"column":8},"end":{"line":55,"column":9}},{"start":{"line":40,"column":8},"end":{"line":55,"column":9}}],"line":40},"2":{"loc":{"start":{"line":42,"column":12},"end":{"line":44,"column":13}},"type":"if","locations":[{"start":{"line":42,"column":12},"end":{"line":44,"column":13}},{"start":{"line":42,"column":12},"end":{"line":44,"column":13}}],"line":42}},"s":{"0":3,"1":3,"2":3,"3":3,"4":1,"5":1,"6":1,"7":0,"8":1,"9":1,"10":1,"11":0,"12":0,"13":0,"14":0,"15":0,"16":0,"17":0,"18":0,"19":0,"20":0,"21":0,"22":0,"23":0,"24":0,"25":0,"26":0},"f":{"0":1},"b":{"0":[0,1],"1":[0,0],"2":[0,0]},"_coverageSchema":"1a1c01bbd47fc00a2c39e90264f33305004495a9","hash":"c42f04c690dafacb3b9d25a55a38d53580f85241"}
,"/home/rani/Desktop/Red_bus_app/backend/controllers/testing.js": {"path":"/home/rani/Desktop/Red_bus_app/backend/controllers/testing.js","statementMap":{"0":{"start":{"line":1,"column":14},"end":{"line":9,"column":1}},"1":{"start":{"line":2,"column":28},"end":{"line":2,"column":36}},"2":{"start":{"line":3,"column":4},"end":{"line":8,"column":5}},"3":{"start":{"line":4,"column":8},"end":{"line":4,"column":57}},"4":{"start":{"line":7,"column":8},"end":{"line":7,"column":51}},"5":{"start":{"line":11,"column":0},"end":{"line":11,"column":26}}},"fnMap":{"0":{"name":"(anonymous_0)","decl":{"start":{"line":1,"column":14},"end":{"line":1,"column":15}},"loc":{"start":{"line":1,"column":28},"end":{"line":9,"column":1}},"line":1}},"branchMap":{"0":{"loc":{"start":{"line":3,"column":4},"end":{"line":8,"column":5}},"type":"if","locations":[{"start":{"line":3,"column":4},"end":{"line":8,"column":5}},{"start":{"line":3,"column":4},"end":{"line":8,"column":5}}],"line":3},"1":{"loc":{"start":{"line":3,"column":8},"end":{"line":3,"column":45}},"type":"binary-expr","locations":[{"start":{"line":3,"column":8},"end":{"line":3,"column":22}},{"start":{"line":3,"column":26},"end":{"line":3,"column":45}}],"line":3}},"s":{"0":1,"1":1,"2":1,"3":1,"4":0,"5":1},"f":{"0":1},"b":{"0":[1,0],"1":[1,0]},"_coverageSchema":"1a1c01bbd47fc00a2c39e90264f33305004495a9","hash":"2d048be169295e61c2e1e9064ad4aa4dafb490cc"}
,"/home/rani/Desktop/Red_bus_app/backend/controllers/tickets.js": {"path":"/home/rani/Desktop/Red_bus_app/backend/controllers/tickets.js","statementMap":{"0":{"start":{"line":1,"column":15},"end":{"line":1,"column":43}},"1":{"start":{"line":2,"column":12},"end":{"line":2,"column":42}},"2":{"start":{"line":3,"column":26},"end":{"line":3,"column":59}},"3":{"start":{"line":4,"column":29},"end":{"line":4,"column":57}},"4":{"start":{"line":5,"column":16},"end":{"line":5,"column":44}},"5":{"start":{"line":7,"column":20},"end":{"line":15,"column":1}},"6":{"start":{"line":8,"column":19},"end":{"line":8,"column":40}},"7":{"start":{"line":9,"column":4},"end":{"line":14,"column":5}},"8":{"start":{"line":10,"column":8},"end":{"line":10,"column":21}},"9":{"start":{"line":13,"column":8},"end":{"line":13,"column":20}},"10":{"start":{"line":16,"column":20},"end":{"line":72,"column":1}},"11":{"start":{"line":17,"column":18},"end":{"line":17,"column":34}},"12":{"start":{"line":18,"column":4},"end":{"line":18,"column":22}},"13":{"start":{"line":19,"column":4},"end":{"line":24,"column":5}},"14":{"start":{"line":20,"column":8},"end":{"line":23,"column":10}},"15":{"start":{"line":26,"column":4},"end":{"line":71,"column":5}},"16":{"start":{"line":27,"column":73},"end":{"line":27,"column":81}},"17":{"start":{"line":28,"column":28},"end":{"line":34,"column":9}},"18":{"start":{"line":35,"column":20},"end":{"line":35,"column":56}},"19":{"start":{"line":36,"column":8},"end":{"line":36,"column":24}},"20":{"start":{"line":37,"column":8},"end":{"line":39,"column":9}},"21":{"start":{"line":38,"column":12},"end":{"line":38,"column":66}},"22":{"start":{"line":40,"column":28},"end":{"line":40,"column":65}},"23":{"start":{"line":43,"column":20},"end":{"line":43,"column":29}},"24":{"start":{"line":44,"column":31},"end":{"line":44,"column":39}},"25":{"start":{"line":45,"column":8},"end":{"line":47,"column":10}},"26":{"start":{"line":46,"column":12},"end":{"line":46,"column":52}},"27":{"start":{"line":48,"column":18},"end":{"line":48,"column":23}},"28":{"start":{"line":49,"column":8},"end":{"line":60,"column":9}},"29":{"start":{"line":49,"column":25},"end":{"line":49,"column":26}},"30":{"start":{"line":50,"column":12},"end":{"line":55,"column":13}},"31":{"start":{"line":51,"column":16},"end":{"line":51,"column":26}},"32":{"start":{"line":53,"column":16},"end":{"line":53,"column":27}},"33":{"start":{"line":54,"column":16},"end":{"line":54,"column":89}},"34":{"start":{"line":57,"column":12},"end":{"line":59,"column":13}},"35":{"start":{"line":58,"column":16},"end":{"line":58,"column":86}},"36":{"start":{"line":61,"column":8},"end":{"line":67,"column":9}},"37":{"start":{"line":62,"column":12},"end":{"line":62,"column":44}},"38":{"start":{"line":63,"column":12},"end":{"line":63,"column":38}},"39":{"start":{"line":64,"column":28},"end":{"line":64,"column":51}},"40":{"start":{"line":65,"column":12},"end":{"line":65,"column":33}},"41":{"start":{"line":66,"column":12},"end":{"line":66,"column":53}},"42":{"start":{"line":69,"column":8},"end":{"line":69,"column":25}},"43":{"start":{"line":70,"column":8},"end":{"line":70,"column":59}},"44":{"start":{"line":75,"column":19},"end":{"line":89,"column":1}},"45":{"start":{"line":76,"column":16},"end":{"line":76,"column":29}},"46":{"start":{"line":77,"column":18},"end":{"line":77,"column":34}},"47":{"start":{"line":78,"column":16},"end":{"line":78,"column":38}},"48":{"start":{"line":79,"column":4},"end":{"line":81,"column":5}},"49":{"start":{"line":80,"column":8},"end":{"line":80,"column":60}},"50":{"start":{"line":83,"column":19},"end":{"line":83,"column":42}},"51":{"start":{"line":84,"column":4},"end":{"line":86,"column":5}},"52":{"start":{"line":85,"column":8},"end":{"line":85,"column":63}},"53":{"start":{"line":88,"column":4},"end":{"line":88,"column":39}},"54":{"start":{"line":92,"column":22},"end":{"line":111,"column":1}},"55":{"start":{"line":93,"column":16},"end":{"line":93,"column":30}},"56":{"start":{"line":94,"column":18},"end":{"line":94,"column":34}},"57":{"start":{"line":97,"column":16},"end":{"line":97,"column":41}},"58":{"start":{"line":98,"column":4},"end":{"line":98,"column":20}},"59":{"start":{"line":99,"column":4},"end":{"line":101,"column":5}},"60":{"start":{"line":100,"column":8},"end":{"line":100,"column":63}},"61":{"start":{"line":103,"column":19},"end":{"line":103,"column":48}},"62":{"start":{"line":104,"column":4},"end":{"line":106,"column":5}},"63":{"start":{"line":105,"column":8},"end":{"line":105,"column":66}},"64":{"start":{"line":109,"column":19},"end":{"line":109,"column":57}},"65":{"start":{"line":110,"column":4},"end":{"line":110,"column":67}},"66":{"start":{"line":113,"column":0},"end":{"line":113,"column":60}}},"fnMap":{"0":{"name":"(anonymous_0)","decl":{"start":{"line":7,"column":20},"end":{"line":7,"column":21}},"loc":{"start":{"line":7,"column":29},"end":{"line":15,"column":1}},"line":7},"1":{"name":"(anonymous_1)","decl":{"start":{"line":16,"column":20},"end":{"line":16,"column":21}},"loc":{"start":{"line":16,"column":46},"end":{"line":72,"column":1}},"line":16},"2":{"name":"(anonymous_2)","decl":{"start":{"line":45,"column":35},"end":{"line":45,"column":36}},"loc":{"start":{"line":45,"column":51},"end":{"line":47,"column":9}},"line":45},"3":{"name":"(anonymous_3)","decl":{"start":{"line":75,"column":19},"end":{"line":75,"column":20}},"loc":{"start":{"line":75,"column":33},"end":{"line":89,"column":1}},"line":75},"4":{"name":"(anonymous_4)","decl":{"start":{"line":92,"column":22},"end":{"line":92,"column":23}},"loc":{"start":{"line":92,"column":42},"end":{"line":111,"column":1}},"line":92}},"branchMap":{"0":{"loc":{"start":{"line":9,"column":4},"end":{"line":14,"column":5}},"type":"if","locations":[{"start":{"line":9,"column":4},"end":{"line":14,"column":5}},{"start":{"line":9,"column":4},"end":{"line":14,"column":5}}],"line":9},"1":{"loc":{"start":{"line":19,"column":4},"end":{"line":24,"column":5}},"type":"if","locations":[{"start":{"line":19,"column":4},"end":{"line":24,"column":5}},{"start":{"line":19,"column":4},"end":{"line":24,"column":5}}],"line":19},"2":{"loc":{"start":{"line":37,"column":8},"end":{"line":39,"column":9}},"type":"if","locations":[{"start":{"line":37,"column":8},"end":{"line":39,"column":9}},{"start":{"line":37,"column":8},"end":{"line":39,"column":9}}],"line":37},"3":{"loc":{"start":{"line":50,"column":12},"end":{"line":55,"column":13}},"type":"if","locations":[{"start":{"line":50,"column":12},"end":{"line":55,"column":13}},{"start":{"line":50,"column":12},"end":{"line":55,"column":13}}],"line":50},"4":{"loc":{"start":{"line":57,"column":12},"end":{"line":59,"column":13}},"type":"if","locations":[{"start":{"line":57,"column":12},"end":{"line":59,"column":13}},{"start":{"line":57,"column":12},"end":{"line":59,"column":13}}],"line":57},"5":{"loc":{"start":{"line":61,"column":8},"end":{"line":67,"column":9}},"type":"if","locations":[{"start":{"line":61,"column":8},"end":{"line":67,"column":9}},{"start":{"line":61,"column":8},"end":{"line":67,"column":9}}],"line":61},"6":{"loc":{"start":{"line":79,"column":4},"end":{"line":81,"column":5}},"type":"if","locations":[{"start":{"line":79,"column":4},"end":{"line":81,"column":5}},{"start":{"line":79,"column":4},"end":{"line":81,"column":5}}],"line":79},"7":{"loc":{"start":{"line":84,"column":4},"end":{"line":86,"column":5}},"type":"if","locations":[{"start":{"line":84,"column":4},"end":{"line":86,"column":5}},{"start":{"line":84,"column":4},"end":{"line":86,"column":5}}],"line":84},"8":{"loc":{"start":{"line":99,"column":4},"end":{"line":101,"column":5}},"type":"if","locations":[{"start":{"line":99,"column":4},"end":{"line":101,"column":5}},{"start":{"line":99,"column":4},"end":{"line":101,"column":5}}],"line":99},"9":{"loc":{"start":{"line":104,"column":4},"end":{"line":106,"column":5}},"type":"if","locations":[{"start":{"line":104,"column":4},"end":{"line":106,"column":5}},{"start":{"line":104,"column":4},"end":{"line":106,"column":5}}],"line":104}},"s":{"0":3,"1":3,"2":3,"3":3,"4":3,"5":3,"6":0,"7":0,"8":0,"9":0,"10":3,"11":0,"12":0,"13":0,"14":0,"15":0,"16":0,"17":0,"18":0,"19":0,"20":0,"21":0,"22":0,"23":0,"24":0,"25":0,"26":0,"27":0,"28":0,"29":0,"30":0,"31":0,"32":0,"33":0,"34":0,"35":0,"36":0,"37":0,"38":0,"39":0,"40":0,"41":0,"42":0,"43":0,"44":3,"45":0,"46":0,"47":0,"48":0,"49":0,"50":0,"51":0,"52":0,"53":0,"54":3,"55":0,"56":0,"57":0,"58":0,"59":0,"60":0,"61":0,"62":0,"63":0,"64":0,"65":0,"66":3},"f":{"0":0,"1":0,"2":0,"3":0,"4":0},"b":{"0":[0,0],"1":[0,0],"2":[0,0],"3":[0,0],"4":[0,0],"5":[0,0],"6":[0,0],"7":[0,0],"8":[0,0],"9":[0,0]},"_coverageSchema":"1a1c01bbd47fc00a2c39e90264f33305004495a9","hash":"620f9edbdb32916a3080414f7ddebb4205f10fa5"}
,"/home/rani/Desktop/Red_bus_app/backend/controllers/user.js": {"path":"/home/rani/Desktop/Red_bus_app/backend/controllers/user.js","statementMap":{"0":{"start":{"line":1,"column":29},"end":{"line":1,"column":57}},"1":{"start":{"line":2,"column":13},"end":{"line":2,"column":39}},"2":{"start":{"line":3,"column":15},"end":{"line":3,"column":32}},"3":{"start":{"line":9,"column":20},"end":{"line":17,"column":1}},"4":{"start":{"line":10,"column":18},"end":{"line":10,"column":39}},"5":{"start":{"line":11,"column":4},"end":{"line":16,"column":5}},"6":{"start":{"line":12,"column":8},"end":{"line":12,"column":20}},"7":{"start":{"line":15,"column":8},"end":{"line":15,"column":20}},"8":{"start":{"line":19,"column":19},"end":{"line":43,"column":1}},"9":{"start":{"line":20,"column":18},"end":{"line":20,"column":34}},"10":{"start":{"line":21,"column":4},"end":{"line":23,"column":5}},"11":{"start":{"line":22,"column":8},"end":{"line":22,"column":57}},"12":{"start":{"line":25,"column":38},"end":{"line":25,"column":46}},"13":{"start":{"line":26,"column":4},"end":{"line":42,"column":5}},"14":{"start":{"line":27,"column":19},"end":{"line":27,"column":48}},"15":{"start":{"line":28,"column":8},"end":{"line":33,"column":9}},"16":{"start":{"line":29,"column":12},"end":{"line":32,"column":14}},"17":{"start":{"line":34,"column":8},"end":{"line":34,"column":33}},"18":{"start":{"line":35,"column":21},"end":{"line":35,"column":45}},"19":{"start":{"line":36,"column":8},"end":{"line":36,"column":58}},"20":{"start":{"line":37,"column":8},"end":{"line":37,"column":26}},"21":{"start":{"line":38,"column":8},"end":{"line":38,"column":54}},"22":{"start":{"line":41,"column":8},"end":{"line":41,"column":56}},"23":{"start":{"line":45,"column":0},"end":{"line":45,"column":29}}},"fnMap":{"0":{"name":"(anonymous_0)","decl":{"start":{"line":9,"column":20},"end":{"line":9,"column":21}},"loc":{"start":{"line":9,"column":29},"end":{"line":17,"column":1}},"line":9},"1":{"name":"(anonymous_1)","decl":{"start":{"line":19,"column":19},"end":{"line":19,"column":20}},"loc":{"start":{"line":19,"column":45},"end":{"line":43,"column":1}},"line":19}},"branchMap":{"0":{"loc":{"start":{"line":11,"column":4},"end":{"line":16,"column":5}},"type":"if","locations":[{"start":{"line":11,"column":4},"end":{"line":16,"column":5}},{"start":{"line":11,"column":4},"end":{"line":16,"column":5}}],"line":11},"1":{"loc":{"start":{"line":21,"column":4},"end":{"line":23,"column":5}},"type":"if","locations":[{"start":{"line":21,"column":4},"end":{"line":23,"column":5}},{"start":{"line":21,"column":4},"end":{"line":23,"column":5}}],"line":21},"2":{"loc":{"start":{"line":28,"column":8},"end":{"line":33,"column":9}},"type":"if","locations":[{"start":{"line":28,"column":8},"end":{"line":33,"column":9}},{"start":{"line":28,"column":8},"end":{"line":33,"column":9}}],"line":28}},"s":{"0":3,"1":3,"2":3,"3":3,"4":3,"5":3,"6":0,"7":3,"8":3,"9":3,"10":3,"11":0,"12":3,"13":3,"14":3,"15":3,"16":1,"17":2,"18":2,"19":2,"20":2,"21":2,"22":0,"23":3},"f":{"0":3,"1":3},"b":{"0":[0,3],"1":[0,3],"2":[1,2]},"_coverageSchema":"1a1c01bbd47fc00a2c39e90264f33305004495a9","hash":"2899016c3f83cf87fb39f38c1411b7e181907b85"}
,"/home/rani/Desktop/Red_bus_app/backend/middleware/auth.js": {"path":"/home/rani/Desktop/Red_bus_app/backend/middleware/auth.js","statementMap":{"0":{"start":{"line":1,"column":12},"end":{"line":1,"column":35}},"1":{"start":{"line":2,"column":15},"end":{"line":2,"column":32}},"2":{"start":{"line":4,"column":0},"end":{"line":18,"column":1}},"3":{"start":{"line":5,"column":18},"end":{"line":5,"column":44}},"4":{"start":{"line":6,"column":4},"end":{"line":8,"column":5}},"5":{"start":{"line":7,"column":8},"end":{"line":7,"column":78}},"6":{"start":{"line":9,"column":4},"end":{"line":17,"column":5}},"7":{"start":{"line":10,"column":23},"end":{"line":10,"column":65}},"8":{"start":{"line":11,"column":8},"end":{"line":11,"column":31}},"9":{"start":{"line":12,"column":8},"end":{"line":12,"column":40}},"10":{"start":{"line":14,"column":8},"end":{"line":14,"column":15}},"11":{"start":{"line":16,"column":8},"end":{"line":16,"column":60}}},"fnMap":{"0":{"name":"(anonymous_0)","decl":{"start":{"line":4,"column":17},"end":{"line":4,"column":18}},"loc":{"start":{"line":4,"column":43},"end":{"line":18,"column":1}},"line":4}},"branchMap":{"0":{"loc":{"start":{"line":6,"column":4},"end":{"line":8,"column":5}},"type":"if","locations":[{"start":{"line":6,"column":4},"end":{"line":8,"column":5}},{"start":{"line":6,"column":4},"end":{"line":8,"column":5}}],"line":6}},"s":{"0":3,"1":3,"2":3,"3":3,"4":3,"5":0,"6":3,"7":3,"8":3,"9":3,"10":3,"11":0},"f":{"0":3},"b":{"0":[0,3]},"_coverageSchema":"1a1c01bbd47fc00a2c39e90264f33305004495a9","hash":"b300b8c861ffacbbece1a8cdc0dd34116388da7a"}
,"/home/rani/Desktop/Red_bus_app/backend/middleware/isAdmin.js": {"path":"/home/rani/Desktop/Red_bus_app/backend/middleware/isAdmin.js","statementMap":{"0":{"start":{"line":1,"column":13},"end":{"line":1,"column":39}},"1":{"start":{"line":3,"column":0},"end":{"line":12,"column":1}},"2":{"start":{"line":4,"column":4},"end":{"line":4,"column":20}},"3":{"start":{"line":5,"column":20},"end":{"line":5,"column":36}},"4":{"start":{"line":6,"column":4},"end":{"line":6,"column":32}},"5":{"start":{"line":7,"column":4},"end":{"line":10,"column":5}},"6":{"start":{"line":8,"column":20},"end":{"line":8,"column":73}},"7":{"start":{"line":9,"column":8},"end":{"line":9,"column":24}},"8":{"start":{"line":11,"column":4},"end":{"line":11,"column":10}}},"fnMap":{"0":{"name":"(anonymous_0)","decl":{"start":{"line":3,"column":17},"end":{"line":3,"column":18}},"loc":{"start":{"line":3,"column":37},"end":{"line":12,"column":1}},"line":3}},"branchMap":{"0":{"loc":{"start":{"line":7,"column":4},"end":{"line":10,"column":5}},"type":"if","locations":[{"start":{"line":7,"column":4},"end":{"line":10,"column":5}},{"start":{"line":7,"column":4},"end":{"line":10,"column":5}}],"line":7}},"s":{"0":3,"1":3,"2":0,"3":0,"4":0,"5":0,"6":0,"7":0,"8":0},"f":{"0":0},"b":{"0":[0,0]},"_coverageSchema":"1a1c01bbd47fc00a2c39e90264f33305004495a9","hash":"4acf74e7d685affc98a79bda1c091c12c3b08a32"}
,"/home/rani/Desktop/Red_bus_app/backend/models/Tickets.js": {"path":"/home/rani/Desktop/Red_bus_app/backend/models/Tickets.js","statementMap":{"0":{"start":{"line":1,"column":17},"end":{"line":1,"column":36}},"1":{"start":{"line":2,"column":21},"end":{"line":43,"column":6}},"2":{"start":{"line":45,"column":16},"end":{"line":45,"column":55}},"3":{"start":{"line":46,"column":0},"end":{"line":46,"column":24}}},"fnMap":{},"branchMap":{},"s":{"0":3,"1":3,"2":3,"3":3},"f":{},"b":{},"_coverageSchema":"1a1c01bbd47fc00a2c39e90264f33305004495a9","hash":"451b9f4a0167732e936a409480e097a21f10c276"}
,"/home/rani/Desktop/Red_bus_app/backend/models/agency.js": {"path":"/home/rani/Desktop/Red_bus_app/backend/models/agency.js","statementMap":{"0":{"start":{"line":1,"column":17},"end":{"line":1,"column":36}},"1":{"start":{"line":3,"column":21},"end":{"line":23,"column":2}},"2":{"start":{"line":25,"column":15},"end":{"line":25,"column":55}},"3":{"start":{"line":26,"column":0},"end":{"line":26,"column":23}}},"fnMap":{},"branchMap":{},"s":{"0":3,"1":3,"2":3,"3":3},"f":{},"b":{},"_coverageSchema":"1a1c01bbd47fc00a2c39e90264f33305004495a9","hash":"f5a1973b835d36adabc0c9c80c78cb854d4ddb5e"}
,"/home/rani/Desktop/Red_bus_app/backend/models/busSchema.js": {"path":"/home/rani/Desktop/Red_bus_app/backend/models/busSchema.js","statementMap":{"0":{"start":{"line":1,"column":17},"end":{"line":1,"column":36}},"1":{"start":{"line":3,"column":18},"end":{"line":71,"column":1}},"2":{"start":{"line":73,"column":12},"end":{"line":73,"column":46}},"3":{"start":{"line":74,"column":0},"end":{"line":74,"column":21}}},"fnMap":{},"branchMap":{},"s":{"0":3,"1":3,"2":3,"3":3},"f":{},"b":{},"_coverageSchema":"1a1c01bbd47fc00a2c39e90264f33305004495a9","hash":"0137b26ed987e696dadd8d4e4fb05b18dd858d5b"}
,"/home/rani/Desktop/Red_bus_app/backend/models/location.js": {"path":"/home/rani/Desktop/Red_bus_app/backend/models/location.js","statementMap":{"0":{"start":{"line":1,"column":17},"end":{"line":1,"column":36}},"1":{"start":{"line":3,"column":23},"end":{"line":16,"column":6}},"2":{"start":{"line":18,"column":17},"end":{"line":18,"column":59}},"3":{"start":{"line":19,"column":0},"end":{"line":19,"column":26}}},"fnMap":{},"branchMap":{},"s":{"0":3,"1":3,"2":3,"3":3},"f":{},"b":{},"_coverageSchema":"1a1c01bbd47fc00a2c39e90264f33305004495a9","hash":"b6a6999f86da1543e42234e23a3bf9f3fc39e4d3"}
,"/home/rani/Desktop/Red_bus_app/backend/models/staff.js": {"path":"/home/rani/Desktop/Red_bus_app/backend/models/staff.js","statementMap":{"0":{"start":{"line":1,"column":17},"end":{"line":1,"column":36}},"1":{"start":{"line":2,"column":20},"end":{"line":26,"column":2}},"2":{"start":{"line":28,"column":14},"end":{"line":28,"column":51}},"3":{"start":{"line":29,"column":0},"end":{"line":29,"column":23}}},"fnMap":{},"branchMap":{},"s":{"0":3,"1":3,"2":3,"3":3},"f":{},"b":{},"_coverageSchema":"1a1c01bbd47fc00a2c39e90264f33305004495a9","hash":"83ece27cddb5e7a58d32cf3024071cabcfff8a70"}
,"/home/rani/Desktop/Red_bus_app/backend/models/users.js": {"path":"/home/rani/Desktop/Red_bus_app/backend/models/users.js","statementMap":{"0":{"start":{"line":1,"column":17},"end":{"line":1,"column":36}},"1":{"start":{"line":2,"column":19},"end":{"line":30,"column":1}},"2":{"start":{"line":32,"column":13},"end":{"line":32,"column":48}},"3":{"start":{"line":33,"column":0},"end":{"line":33,"column":21}}},"fnMap":{},"branchMap":{},"s":{"0":3,"1":3,"2":3,"3":3},"f":{},"b":{},"_coverageSchema":"1a1c01bbd47fc00a2c39e90264f33305004495a9","hash":"1afcbfd7e35432b9d7dcca773f3838e491680a6c"}
,"/home/rani/Desktop/Red_bus_app/backend/router/api/admin.js": {"path":"/home/rani/Desktop/Red_bus_app/backend/router/api/admin.js","statementMap":{"0":{"start":{"line":1,"column":16},"end":{"line":1,"column":34}},"1":{"start":{"line":2,"column":15},"end":{"line":2,"column":31}},"2":{"start":{"line":3,"column":18},"end":{"line":3,"column":46}},"3":{"start":{"line":4,"column":24},"end":{"line":4,"column":58}},"4":{"start":{"line":5,"column":23},"end":{"line":5,"column":60}},"5":{"start":{"line":6,"column":50},"end":{"line":6,"column":82}},"6":{"start":{"line":7,"column":15},"end":{"line":7,"column":47}},"7":{"start":{"line":8,"column":16},"end":{"line":8,"column":51}},"8":{"start":{"line":9,"column":33},"end":{"line":9,"column":68}},"9":{"start":{"line":10,"column":24},"end":{"line":10,"column":58}},"10":{"start":{"line":13,"column":0},"end":{"line":22,"column":1}},"11":{"start":{"line":25,"column":0},"end":{"line":30,"column":26}},"12":{"start":{"line":33,"column":0},"end":{"line":39,"column":4}},"13":{"start":{"line":41,"column":0},"end":{"line":46,"column":40}},"14":{"start":{"line":49,"column":0},"end":{"line":49,"column":55}},"15":{"start":{"line":52,"column":0},"end":{"line":66,"column":2}},"16":{"start":{"line":69,"column":0},"end":{"line":85,"column":4}},"17":{"start":{"line":88,"column":0},"end":{"line":88,"column":70}},"18":{"start":{"line":91,"column":0},"end":{"line":91,"column":72}},"19":{"start":{"line":93,"column":0},"end":{"line":93,"column":24}}},"fnMap":{"0":{"name":"(anonymous_0)","decl":{"start":{"line":20,"column":2},"end":{"line":20,"column":3}},"loc":{"start":{"line":20,"column":22},"end":{"line":21,"column":3}},"line":20},"1":{"name":"(anonymous_1)","decl":{"start":{"line":30,"column":3},"end":{"line":30,"column":4}},"loc":{"start":{"line":30,"column":22},"end":{"line":30,"column":25}},"line":30},"2":{"name":"(anonymous_2)","decl":{"start":{"line":38,"column":2},"end":{"line":38,"column":3}},"loc":{"start":{"line":38,"column":22},"end":{"line":39,"column":3}},"line":38},"3":{"name":"(anonymous_3)","decl":{"start":{"line":46,"column":17},"end":{"line":46,"column":18}},"loc":{"start":{"line":46,"column":37},"end":{"line":46,"column":39}},"line":46},"4":{"name":"(anonymous_4)","decl":{"start":{"line":64,"column":30},"end":{"line":64,"column":31}},"loc":{"start":{"line":64,"column":50},"end":{"line":66,"column":1}},"line":64},"5":{"name":"(anonymous_5)","decl":{"start":{"line":84,"column":2},"end":{"line":84,"column":3}},"loc":{"start":{"line":84,"column":22},"end":{"line":85,"column":3}},"line":84}},"branchMap":{},"s":{"0":3,"1":3,"2":3,"3":3,"4":3,"5":3,"6":3,"7":3,"8":3,"9":3,"10":3,"11":3,"12":3,"13":3,"14":3,"15":3,"16":3,"17":3,"18":3,"19":3},"f":{"0":0,"1":3,"2":0,"3":0,"4":0,"5":0},"b":{},"_coverageSchema":"1a1c01bbd47fc00a2c39e90264f33305004495a9","hash":"3efe55b4cf1a5cecc933519a192284ddb5ac3bb8"}
,"/home/rani/Desktop/Red_bus_app/backend/router/api/adminAuth.js": {"path":"/home/rani/Desktop/Red_bus_app/backend/router/api/adminAuth.js","statementMap":{"0":{"start":{"line":1,"column":15},"end":{"line":1,"column":42}},"1":{"start":{"line":2,"column":13},"end":{"line":2,"column":42}},"2":{"start":{"line":3,"column":13},"end":{"line":3,"column":45}},"3":{"start":{"line":4,"column":18},"end":{"line":4,"column":46}},"4":{"start":{"line":5,"column":29},"end":{"line":5,"column":67}},"5":{"start":{"line":8,"column":0},"end":{"line":15,"column":2}},"6":{"start":{"line":9,"column":4},"end":{"line":14,"column":5}},"7":{"start":{"line":10,"column":21},"end":{"line":10,"column":53}},"8":{"start":{"line":11,"column":8},"end":{"line":11,"column":29}},"9":{"start":{"line":13,"column":8},"end":{"line":13,"column":51}},"10":{"start":{"line":18,"column":0},"end":{"line":24,"column":2}},"11":{"start":{"line":26,"column":0},"end":{"line":26,"column":24}}},"fnMap":{"0":{"name":"(anonymous_0)","decl":{"start":{"line":8,"column":26},"end":{"line":8,"column":27}},"loc":{"start":{"line":8,"column":46},"end":{"line":15,"column":1}},"line":8},"1":{"name":"(anonymous_1)","decl":{"start":{"line":23,"column":38},"end":{"line":23,"column":39}},"loc":{"start":{"line":23,"column":56},"end":{"line":24,"column":1}},"line":23}},"branchMap":{},"s":{"0":3,"1":3,"2":3,"3":3,"4":3,"5":3,"6":0,"7":0,"8":0,"9":0,"10":3,"11":3},"f":{"0":0,"1":0},"b":{},"_coverageSchema":"1a1c01bbd47fc00a2c39e90264f33305004495a9","hash":"1cb139b4b56b573880650b564e6e58b45f6a2389"}
,"/home/rani/Desktop/Red_bus_app/backend/router/api/auth.js": {"path":"/home/rani/Desktop/Red_bus_app/backend/router/api/auth.js","statementMap":{"0":{"start":{"line":1,"column":15},"end":{"line":1,"column":42}},"1":{"start":{"line":2,"column":13},"end":{"line":2,"column":42}},"2":{"start":{"line":3,"column":13},"end":{"line":3,"column":45}},"3":{"start":{"line":4,"column":18},"end":{"line":4,"column":46}},"4":{"start":{"line":5,"column":28},"end":{"line":5,"column":61}},"5":{"start":{"line":6,"column":32},"end":{"line":6,"column":74}},"6":{"start":{"line":9,"column":0},"end":{"line":17,"column":2}},"7":{"start":{"line":10,"column":4},"end":{"line":16,"column":5}},"8":{"start":{"line":11,"column":21},"end":{"line":11,"column":53}},"9":{"start":{"line":12,"column":8},"end":{"line":12,"column":29}},"10":{"start":{"line":15,"column":8},"end":{"line":15,"column":51}},"11":{"start":{"line":20,"column":0},"end":{"line":26,"column":2}},"12":{"start":{"line":29,"column":0},"end":{"line":35,"column":3}},"13":{"start":{"line":38,"column":0},"end":{"line":46,"column":1}},"14":{"start":{"line":48,"column":0},"end":{"line":48,"column":24}}},"fnMap":{"0":{"name":"(anonymous_0)","decl":{"start":{"line":9,"column":26},"end":{"line":9,"column":27}},"loc":{"start":{"line":9,"column":42},"end":{"line":17,"column":1}},"line":9},"1":{"name":"(anonymous_1)","decl":{"start":{"line":25,"column":34},"end":{"line":25,"column":35}},"loc":{"start":{"line":25,"column":54},"end":{"line":26,"column":1}},"line":25},"2":{"name":"(anonymous_2)","decl":{"start":{"line":34,"column":4},"end":{"line":34,"column":5}},"loc":{"start":{"line":34,"column":24},"end":{"line":35,"column":1}},"line":34},"3":{"name":"(anonymous_3)","decl":{"start":{"line":44,"column":4},"end":{"line":44,"column":5}},"loc":{"start":{"line":44,"column":24},"end":{"line":45,"column":5}},"line":44}},"branchMap":{},"s":{"0":3,"1":3,"2":3,"3":3,"4":3,"5":3,"6":3,"7":0,"8":0,"9":0,"10":0,"11":3,"12":3,"13":3,"14":3},"f":{"0":0,"1":0,"2":0,"3":0},"b":{},"_coverageSchema":"1a1c01bbd47fc00a2c39e90264f33305004495a9","hash":"80502e15cbeb85139ad87ffddc66dc74df1a1284"}
,"/home/rani/Desktop/Red_bus_app/backend/router/api/bus.js": {"path":"/home/rani/Desktop/Red_bus_app/backend/router/api/bus.js","statementMap":{"0":{"start":{"line":1,"column":19},"end":{"line":1,"column":51}},"1":{"start":{"line":2,"column":26},"end":{"line":2,"column":61}},"2":{"start":{"line":3,"column":16},"end":{"line":3,"column":34}},"3":{"start":{"line":4,"column":15},"end":{"line":4,"column":31}},"4":{"start":{"line":5,"column":18},"end":{"line":5,"column":46}},"5":{"start":{"line":6,"column":15},"end":{"line":6,"column":47}},"6":{"start":{"line":9,"column":0},"end":{"line":9,"column":56}},"7":{"start":{"line":12,"column":0},"end":{"line":12,"column":52}},"8":{"start":{"line":14,"column":0},"end":{"line":14,"column":24}}},"fnMap":{"0":{"name":"(anonymous_0)","decl":{"start":{"line":9,"column":38},"end":{"line":9,"column":39}},"loc":{"start":{"line":9,"column":52},"end":{"line":9,"column":55}},"line":9}},"branchMap":{},"s":{"0":3,"1":3,"2":3,"3":3,"4":3,"5":3,"6":3,"7":3,"8":3},"f":{"0":0},"b":{},"_coverageSchema":"1a1c01bbd47fc00a2c39e90264f33305004495a9","hash":"2555946f970de023e925b05ab4814166fd78d25b"}
,"/home/rani/Desktop/Red_bus_app/backend/router/api/tickets.js": {"path":"/home/rani/Desktop/Red_bus_app/backend/router/api/tickets.js","statementMap":{"0":{"start":{"line":1,"column":50},"end":{"line":1,"column":86}},"1":{"start":{"line":2,"column":16},"end":{"line":2,"column":34}},"2":{"start":{"line":3,"column":15},"end":{"line":3,"column":31}},"3":{"start":{"line":4,"column":18},"end":{"line":4,"column":46}},"4":{"start":{"line":5,"column":15},"end":{"line":5,"column":47}},"5":{"start":{"line":7,"column":0},"end":{"line":7,"column":24}},"6":{"start":{"line":8,"column":0},"end":{"line":15,"column":16}},"7":{"start":{"line":18,"column":0},"end":{"line":18,"column":61}},"8":{"start":{"line":20,"column":0},"end":{"line":20,"column":66}},"9":{"start":{"line":22,"column":0},"end":{"line":22,"column":24}}},"fnMap":{},"branchMap":{},"s":{"0":3,"1":3,"2":3,"3":3,"4":3,"5":3,"6":3,"7":3,"8":3,"9":3},"f":{},"b":{},"_coverageSchema":"1a1c01bbd47fc00a2c39e90264f33305004495a9","hash":"a186b563a7a71da22621aed4dd973334ef875108"}
,"/home/rani/Desktop/Red_bus_app/backend/router/api/users.js": {"path":"/home/rani/Desktop/Red_bus_app/backend/router/api/users.js","statementMap":{"0":{"start":{"line":1,"column":16},"end":{"line":1,"column":34}},"1":{"start":{"line":2,"column":15},"end":{"line":2,"column":31}},"2":{"start":{"line":3,"column":18},"end":{"line":3,"column":46}},"3":{"start":{"line":4,"column":29},"end":{"line":4,"column":62}},"4":{"start":{"line":7,"column":0},"end":{"line":18,"column":6}},"5":{"start":{"line":20,"column":0},"end":{"line":20,"column":24}}},"fnMap":{"0":{"name":"(anonymous_0)","decl":{"start":{"line":16,"column":4},"end":{"line":16,"column":5}},"loc":{"start":{"line":16,"column":24},"end":{"line":18,"column":5}},"line":16}},"branchMap":{},"s":{"0":3,"1":3,"2":3,"3":3,"4":3,"5":3},"f":{"0":0},"b":{},"_coverageSchema":"1a1c01bbd47fc00a2c39e90264f33305004495a9","hash":"a5e4ca1727272fe3c25b3ef95aaf6348fbb340b3"}
,"/home/rani/Desktop/Red_bus_app/backend/test/agency.js": {"path":"/home/rani/Desktop/Red_bus_app/backend/test/agency.js","statementMap":{"0":{"start":{"line":1,"column":25},"end":{"line":1,"column":57}},"1":{"start":{"line":2,"column":11},"end":{"line":2,"column":34}},"2":{"start":{"line":3,"column":12},"end":{"line":3,"column":32}},"3":{"start":{"line":4,"column":16},"end":{"line":4,"column":36}},"4":{"start":{"line":5,"column":14},"end":{"line":5,"column":32}},"5":{"start":{"line":7,"column":0},"end":{"line":7,"column":42}},"6":{"start":{"line":7,"column":22},"end":{"line":7,"column":40}},"7":{"start":{"line":8,"column":0},"end":{"line":8,"column":39}},"8":{"start":{"line":8,"column":21},"end":{"line":8,"column":37}},"9":{"start":{"line":10,"column":21},"end":{"line":15,"column":1}},"10":{"start":{"line":11,"column":16},"end":{"line":11,"column":18}},"11":{"start":{"line":12,"column":4},"end":{"line":12,"column":48}},"12":{"start":{"line":13,"column":4},"end":{"line":13,"column":46}},"13":{"start":{"line":14,"column":4},"end":{"line":14,"column":14}},"14":{"start":{"line":17,"column":15},"end":{"line":45,"column":2}},"15":{"start":{"line":17,"column":21},"end":{"line":45,"column":2}},"16":{"start":{"line":18,"column":4},"end":{"line":18,"column":27}},"17":{"start":{"line":19,"column":18},"end":{"line":19,"column":224}},"18":{"start":{"line":20,"column":4},"end":{"line":20,"column":27}},"19":{"start":{"line":21,"column":4},"end":{"line":29,"column":6}},"20":{"start":{"line":22,"column":20},"end":{"line":27,"column":14}},"21":{"start":{"line":28,"column":8},"end":{"line":28,"column":36}},"22":{"start":{"line":31,"column":4},"end":{"line":44,"column":6}},"23":{"start":{"line":32,"column":18},"end":{"line":38,"column":9}},"24":{"start":{"line":39,"column":20},"end":{"line":39,"column":34}},"25":{"start":{"line":40,"column":8},"end":{"line":40,"column":36}},"26":{"start":{"line":42,"column":8},"end":{"line":42,"column":52}},"27":{"start":{"line":43,"column":8},"end":{"line":43,"column":43}},"28":{"start":{"line":47,"column":0},"end":{"line":47,"column":27}}},"fnMap":{"0":{"name":"(anonymous_0)","decl":{"start":{"line":7,"column":10},"end":{"line":7,"column":11}},"loc":{"start":{"line":7,"column":22},"end":{"line":7,"column":40}},"line":7},"1":{"name":"(anonymous_1)","decl":{"start":{"line":8,"column":9},"end":{"line":8,"column":10}},"loc":{"start":{"line":8,"column":21},"end":{"line":8,"column":37}},"line":8},"2":{"name":"(anonymous_2)","decl":{"start":{"line":10,"column":21},"end":{"line":10,"column":22}},"loc":{"start":{"line":10,"column":27},"end":{"line":15,"column":1}},"line":10},"3":{"name":"(anonymous_3)","decl":{"start":{"line":17,"column":15},"end":{"line":17,"column":16}},"loc":{"start":{"line":17,"column":21},"end":{"line":45,"column":2}},"line":17},"4":{"name":"(anonymous_4)","decl":{"start":{"line":17,"column":61},"end":{"line":17,"column":62}},"loc":{"start":{"line":17,"column":65},"end":{"line":45,"column":1}},"line":17},"5":{"name":"(anonymous_5)","decl":{"start":{"line":21,"column":37},"end":{"line":21,"column":38}},"loc":{"start":{"line":21,"column":49},"end":{"line":29,"column":5}},"line":21},"6":{"name":"(anonymous_6)","decl":{"start":{"line":31,"column":51},"end":{"line":31,"column":52}},"loc":{"start":{"line":31,"column":63},"end":{"line":44,"column":5}},"line":31}},"branchMap":{},"s":{"0":1,"1":1,"2":1,"3":1,"4":1,"5":1,"6":1,"7":1,"8":1,"9":1,"10":1,"11":1,"12":1,"13":1,"14":1,"15":1,"16":1,"17":1,"18":1,"19":1,"20":1,"21":0,"22":1,"23":1,"24":1,"25":1,"26":0,"27":0,"28":1},"f":{"0":1,"1":1,"2":1,"3":1,"4":1,"5":1,"6":1},"b":{},"_coverageSchema":"1a1c01bbd47fc00a2c39e90264f33305004495a9","hash":"43223b74421250ede4a9df2a5199abe68734a5f0"}
,"/home/rani/Desktop/Red_bus_app/backend/test/location.js": {"path":"/home/rani/Desktop/Red_bus_app/backend/test/location.js","statementMap":{"0":{"start":{"line":1,"column":21},"end":{"line":1,"column":55}},"1":{"start":{"line":2,"column":11},"end":{"line":2,"column":34}},"2":{"start":{"line":3,"column":12},"end":{"line":3,"column":32}},"3":{"start":{"line":4,"column":16},"end":{"line":4,"column":36}},"4":{"start":{"line":5,"column":14},"end":{"line":5,"column":32}},"5":{"start":{"line":7,"column":0},"end":{"line":7,"column":42}},"6":{"start":{"line":7,"column":22},"end":{"line":7,"column":40}},"7":{"start":{"line":8,"column":0},"end":{"line":8,"column":39}},"8":{"start":{"line":8,"column":21},"end":{"line":8,"column":37}},"9":{"start":{"line":10,"column":21},"end":{"line":15,"column":1}},"10":{"start":{"line":11,"column":16},"end":{"line":11,"column":18}},"11":{"start":{"line":12,"column":4},"end":{"line":12,"column":48}},"12":{"start":{"line":13,"column":4},"end":{"line":13,"column":46}},"13":{"start":{"line":14,"column":4},"end":{"line":14,"column":14}},"14":{"start":{"line":17,"column":20},"end":{"line":56,"column":2}},"15":{"start":{"line":17,"column":26},"end":{"line":56,"column":2}},"16":{"start":{"line":18,"column":4},"end":{"line":18,"column":27}},"17":{"start":{"line":19,"column":18},"end":{"line":19,"column":224}},"18":{"start":{"line":20,"column":4},"end":{"line":20,"column":27}},"19":{"start":{"line":21,"column":4},"end":{"line":28,"column":6}},"20":{"start":{"line":22,"column":20},"end":{"line":26,"column":14}},"21":{"start":{"line":27,"column":8},"end":{"line":27,"column":36}},"22":{"start":{"line":29,"column":4},"end":{"line":41,"column":6}},"23":{"start":{"line":30,"column":18},"end":{"line":35,"column":9}},"24":{"start":{"line":36,"column":20},"end":{"line":36,"column":34}},"25":{"start":{"line":37,"column":8},"end":{"line":37,"column":32}},"26":{"start":{"line":39,"column":8},"end":{"line":39,"column":52}},"27":{"start":{"line":40,"column":8},"end":{"line":40,"column":43}},"28":{"start":{"line":43,"column":4},"end":{"line":55,"column":6}},"29":{"start":{"line":44,"column":18},"end":{"line":49,"column":9}},"30":{"start":{"line":50,"column":20},"end":{"line":50,"column":34}},"31":{"start":{"line":51,"column":8},"end":{"line":51,"column":32}},"32":{"start":{"line":53,"column":8},"end":{"line":53,"column":52}},"33":{"start":{"line":54,"column":8},"end":{"line":54,"column":88}},"34":{"start":{"line":58,"column":0},"end":{"line":58,"column":32}}},"fnMap":{"0":{"name":"(anonymous_0)","decl":{"start":{"line":7,"column":10},"end":{"line":7,"column":11}},"loc":{"start":{"line":7,"column":22},"end":{"line":7,"column":40}},"line":7},"1":{"name":"(anonymous_1)","decl":{"start":{"line":8,"column":9},"end":{"line":8,"column":10}},"loc":{"start":{"line":8,"column":21},"end":{"line":8,"column":37}},"line":8},"2":{"name":"(anonymous_2)","decl":{"start":{"line":10,"column":21},"end":{"line":10,"column":22}},"loc":{"start":{"line":10,"column":27},"end":{"line":15,"column":1}},"line":10},"3":{"name":"(anonymous_3)","decl":{"start":{"line":17,"column":20},"end":{"line":17,"column":21}},"loc":{"start":{"line":17,"column":26},"end":{"line":56,"column":2}},"line":17},"4":{"name":"(anonymous_4)","decl":{"start":{"line":17,"column":68},"end":{"line":17,"column":69}},"loc":{"start":{"line":17,"column":74},"end":{"line":56,"column":1}},"line":17},"5":{"name":"(anonymous_5)","decl":{"start":{"line":21,"column":47},"end":{"line":21,"column":48}},"loc":{"start":{"line":21,"column":59},"end":{"line":28,"column":5}},"line":21},"6":{"name":"(anonymous_6)","decl":{"start":{"line":29,"column":52},"end":{"line":29,"column":53}},"loc":{"start":{"line":29,"column":64},"end":{"line":41,"column":5}},"line":29},"7":{"name":"(anonymous_7)","decl":{"start":{"line":43,"column":81},"end":{"line":43,"column":82}},"loc":{"start":{"line":43,"column":93},"end":{"line":55,"column":5}},"line":43}},"branchMap":{},"s":{"0":1,"1":1,"2":1,"3":1,"4":1,"5":1,"6":1,"7":1,"8":1,"9":1,"10":2,"11":2,"12":2,"13":2,"14":1,"15":1,"16":1,"17":1,"18":1,"19":1,"20":1,"21":0,"22":1,"23":1,"24":1,"25":1,"26":1,"27":1,"28":1,"29":1,"30":1,"31":1,"32":1,"33":1,"34":1},"f":{"0":1,"1":1,"2":2,"3":1,"4":1,"5":1,"6":1,"7":1},"b":{},"_coverageSchema":"1a1c01bbd47fc00a2c39e90264f33305004495a9","hash":"c047a8bde3df38b7cdeb1b2a3048fee1306d3686"}
,"/home/rani/Desktop/Red_bus_app/backend/test/staff.js": {"path":"/home/rani/Desktop/Red_bus_app/backend/test/staff.js","statementMap":{"0":{"start":{"line":1,"column":19},"end":{"line":1,"column":50}},"1":{"start":{"line":2,"column":11},"end":{"line":2,"column":34}},"2":{"start":{"line":3,"column":12},"end":{"line":3,"column":32}},"3":{"start":{"line":4,"column":16},"end":{"line":4,"column":36}},"4":{"start":{"line":5,"column":14},"end":{"line":5,"column":32}},"5":{"start":{"line":7,"column":0},"end":{"line":7,"column":42}},"6":{"start":{"line":7,"column":22},"end":{"line":7,"column":40}},"7":{"start":{"line":8,"column":0},"end":{"line":8,"column":39}},"8":{"start":{"line":8,"column":21},"end":{"line":8,"column":37}},"9":{"start":{"line":10,"column":21},"end":{"line":15,"column":1}},"10":{"start":{"line":11,"column":16},"end":{"line":11,"column":18}},"11":{"start":{"line":12,"column":4},"end":{"line":12,"column":48}},"12":{"start":{"line":13,"column":4},"end":{"line":13,"column":46}},"13":{"start":{"line":14,"column":4},"end":{"line":14,"column":14}},"14":{"start":{"line":17,"column":17},"end":{"line":47,"column":2}},"15":{"start":{"line":17,"column":23},"end":{"line":47,"column":2}},"16":{"start":{"line":18,"column":4},"end":{"line":18,"column":27}},"17":{"start":{"line":19,"column":18},"end":{"line":19,"column":224}},"18":{"start":{"line":20,"column":4},"end":{"line":20,"column":27}},"19":{"start":{"line":21,"column":4},"end":{"line":30,"column":6}},"20":{"start":{"line":22,"column":20},"end":{"line":28,"column":14}},"21":{"start":{"line":29,"column":8},"end":{"line":29,"column":36}},"22":{"start":{"line":32,"column":4},"end":{"line":46,"column":6}},"23":{"start":{"line":33,"column":18},"end":{"line":40,"column":9}},"24":{"start":{"line":41,"column":20},"end":{"line":41,"column":34}},"25":{"start":{"line":42,"column":8},"end":{"line":42,"column":32}},"26":{"start":{"line":44,"column":8},"end":{"line":44,"column":52}},"27":{"start":{"line":45,"column":8},"end":{"line":45,"column":43}},"28":{"start":{"line":49,"column":0},"end":{"line":49,"column":29}}},"fnMap":{"0":{"name":"(anonymous_0)","decl":{"start":{"line":7,"column":10},"end":{"line":7,"column":11}},"loc":{"start":{"line":7,"column":22},"end":{"line":7,"column":40}},"line":7},"1":{"name":"(anonymous_1)","decl":{"start":{"line":8,"column":9},"end":{"line":8,"column":10}},"loc":{"start":{"line":8,"column":21},"end":{"line":8,"column":37}},"line":8},"2":{"name":"(anonymous_2)","decl":{"start":{"line":10,"column":21},"end":{"line":10,"column":22}},"loc":{"start":{"line":10,"column":27},"end":{"line":15,"column":1}},"line":10},"3":{"name":"(anonymous_3)","decl":{"start":{"line":17,"column":17},"end":{"line":17,"column":18}},"loc":{"start":{"line":17,"column":23},"end":{"line":47,"column":2}},"line":17},"4":{"name":"(anonymous_4)","decl":{"start":{"line":17,"column":62},"end":{"line":17,"column":63}},"loc":{"start":{"line":17,"column":66},"end":{"line":47,"column":1}},"line":17},"5":{"name":"(anonymous_5)","decl":{"start":{"line":21,"column":37},"end":{"line":21,"column":38}},"loc":{"start":{"line":21,"column":49},"end":{"line":30,"column":5}},"line":21},"6":{"name":"(anonymous_6)","decl":{"start":{"line":32,"column":50},"end":{"line":32,"column":51}},"loc":{"start":{"line":32,"column":60},"end":{"line":46,"column":5}},"line":32}},"branchMap":{},"s":{"0":1,"1":1,"2":1,"3":1,"4":1,"5":1,"6":1,"7":1,"8":1,"9":1,"10":1,"11":1,"12":1,"13":1,"14":1,"15":1,"16":1,"17":1,"18":1,"19":1,"20":1,"21":0,"22":1,"23":1,"24":1,"25":1,"26":0,"27":0,"28":1},"f":{"0":1,"1":1,"2":1,"3":1,"4":1,"5":1,"6":1},"b":{},"_coverageSchema":"1a1c01bbd47fc00a2c39e90264f33305004495a9","hash":"4cbaadabac90c5e55fe356cb209f3f32676bfedb"}
}
